
 Name of this SHDOMADJ run:
les0822nh15t13y135_w0.646_ns1guess2                                             
 Input particle properties filename (or NONE for Rayleigh only)
les0822nh15t13y135g.part                                                        
 Number of input scattering tables
            2
 Name of each scattering table
water_w0.646.scat                                                       
aero_oc_w0.646.scat                                                     
 Index or type of each scattering table
  1  2
 Polarization flag (T or F) for each scattering table
 T T
 Wavelength for Rayleigh molecular scattering (micron)
   0.6460000000000000     
 Surface pressure for Rayleigh molecular scattering (mb or hPa)
    1010.000000000000     
 Number of extra Z levels
   0
 Surface properties file name (or NONE)
 NONE                                                                            
 Correlated k-distribution file name (or NONE)
 NONE                                                                            
 Number of Stokes parameters (1, 3, or 4; 1=unpolarized)
            1
 Number of discrete ordinates in mu and phi
           16           32
 Independent pixel approximation (0,1,2,3)
            0
 Delta-M method (T,F)
  T
 Thermal, solar, or both source (T, S, B)
 S
 Solar flux and direction (F, mu, phi[deg])
    1.000000000000000       -0.9221000000000000         339.4000000000000     
 Isotropic sky radiance
    0.000000000000000     
 Ground albedo
   5.0000000000000003E-002
 Wavelength (micron)
   0.6460000000000000     
 Cell splitting and spherical harmonic series accuracy
   2.9999999999999999E-002   3.0000000000000001E-003
 Acceleration flag (T or F), solution accuracy, and max iterations
  T   3.0000000000000001E-005          200
 Radiance grid output Z level, number in X and Y
    15.00000000000000               320            1
 Number of radiance directions output
            1
 Radiance mu, phi[deg] pairs
    1.000000000000000         0.000000000000000     
 Radiance output file name
les0822nh15t13y135_w0.646_ns1guess2.arad                                        
 Observed radiance input file name (or NONE)
les0822nh15t13y135_w0.646_ns1true2.arad                                         
 Observed radiance uncertainty (sigma)
   2.9999999999999999E-002
 Adjoint output file name
les0822nh15t13y135_w0.646_ns1guess2.adj                                         
 Approximate maximum memory to use (MB for 4 byte reals)
    2000.000000000000     
 Ratio of total grid points to base grid points (>=1.0)
    5.000000000000000     
 Ratio of average number of spherical harmonic terms to total possible (<=1.0)
   0.9500000000000000     
 Ratio of number of grid cells to grid points (1.0 to 2.0)
    1.500000000000000     

 Rayleigh total atmosphere optical depth:    5.0269465934799501E-002
 Starting solution iterations for SHDOM run: 
 les0822nh15t13y135_w0.646_ns1guess2
 ! Iter Log(Sol)  SplitCrit  Npoints  Nsh(avg)
     1  -0.865  0.148E+00    26643    12.43  0.049
     2  -1.044  0.174E+00    26643    12.89  0.050
     3  -1.236  0.229E+00    26643    13.61  0.053
     4  -1.348  0.176E+00    26747    14.23  0.056
     5  -1.606  0.143E+00    26895    15.64  0.061
     6  -1.595  0.111E+00    27153    17.60  0.069
     7  -1.628  0.985E-01    27355    19.00  0.074
     8  -1.746  0.909E-01    27442    19.59  0.077
     9  -1.812  0.817E-01    27663    20.96  0.082
    10  -1.832  0.744E-01    27862    22.22  0.087
    11  -1.722  0.704E-01    28105    23.65  0.092
    12  -1.967  0.704E-01    28130    23.78  0.093
    13  -2.016  0.645E-01    28451    25.51  0.100
    14  -2.022  0.589E-01    28805    27.28  0.107
    15  -1.888  0.561E-01    29137    28.92  0.113
    16  -2.100  0.561E-01    29177    29.10  0.114
    17  -2.146  0.537E-01    29372    30.07  0.117
    18  -2.152  0.499E-01    29762    31.95  0.125
    19  -1.855  0.479E-01    30129    33.44  0.131
    20  -2.215  0.479E-01    30170    33.58  0.131
    21  -2.264  0.479E-01    30203    33.74  0.132
    22  -2.268  0.444E-01    30608    35.39  0.138
    23  -1.711  0.423E-01    31146    37.15  0.145
    24  -2.292  0.423E-01    31201    37.28  0.146
    25  -2.389  0.422E-01    31220    37.30  0.146
    26  -2.404  0.406E-01    31482    38.26  0.149
    27  -1.795  0.374E-01    32265    40.82  0.159
    28  -2.402  0.374E-01    32312    40.93  0.160
    29  -2.496  0.374E-01    32342    41.00  0.160
    30  -2.510  0.360E-01    32620    41.88  0.164
    31  -1.783  0.331E-01    33528    44.56  0.174
    32  -2.455  0.331E-01    33586    44.71  0.175
    33  -2.590  0.331E-01    33608    44.76  0.175
    34  -2.623  0.331E-01    33628    44.78  0.175
    35  -2.356  0.300E-01    34610    47.51  0.186
    36  -2.566  0.300E-01    34656    47.58  0.186
    37  -2.693  0.300E-01    34693    47.60  0.186
    38  -2.723  0.300E-01    34712    47.60  0.186
    39  -2.657  0.300E-01    34798    47.67  0.186
    40  -2.770  0.300E-01    34801    47.67  0.186
    41  -2.793  0.300E-01    34819    47.68  0.186
    42  -2.805  0.300E-01    34824    47.69  0.186
    43  -2.684  0.300E-01    34943    47.80  0.187
    44  -2.849  0.300E-01    34945    47.80  0.187
    45  -2.883  0.300E-01    34956    47.82  0.187
    46  -2.898  0.300E-01    34968    47.83  0.187
    47  -2.542  0.300E-01    35044    47.91  0.187
    48  -2.937  0.300E-01    35054    47.90  0.187
    49  -2.954  0.300E-01    35088    47.92  0.187
    50  -2.964  0.300E-01    35110    47.92  0.187
    51  -2.911  0.300E-01    35120    47.94  0.187
    52  -3.007  0.300E-01    35125    47.96  0.187
    53  -3.017  0.303E-01    35125    47.96  0.187
    54  -3.032  0.303E-01    35125    47.96  0.187
    55  -3.085  0.303E-01    35125    47.96  0.187
    56  -3.111  0.303E-01    35125    47.96  0.187
    57  -3.094  0.303E-01    35125    47.96  0.187
    58  -3.177  0.303E-01    35125    47.96  0.187
    59  -3.182  0.303E-01    35125    47.96  0.187
    60  -3.212  0.303E-01    35125    47.96  0.187
    61  -3.142  0.303E-01    35125    47.96  0.187
    62  -3.265  0.303E-01    35125    47.96  0.187
    63  -3.283  0.303E-01    35125    47.96  0.187
    64  -3.309  0.303E-01    35125    47.96  0.187
    65  -3.250  0.303E-01    35125    47.96  0.187
    66  -3.361  0.303E-01    35125    47.96  0.187
    67  -3.371  0.303E-01    35125    47.96  0.187
    68  -3.403  0.303E-01    35125    47.96  0.187
    69  -3.299  0.303E-01    35125    47.96  0.187
    70  -3.440  0.303E-01    35125    47.96  0.187
    71  -3.469  0.303E-01    35125    47.96  0.187
    72  -3.496  0.303E-01    35125    47.96  0.187
    73  -3.401  0.303E-01    35125    47.96  0.187
    74  -3.531  0.303E-01    35125    47.96  0.187
    75  -3.555  0.303E-01    35125    47.96  0.187
    76  -3.587  0.303E-01    35125    47.96  0.187
    77  -3.449  0.303E-01    35125    47.96  0.187
    78  -3.602  0.303E-01    35125    47.96  0.187
    79  -3.646  0.303E-01    35125    47.96  0.187
    80  -3.677  0.303E-01    35125    47.96  0.187
    81  -3.528  0.303E-01    35125    47.96  0.187
    82  -3.686  0.303E-01    35125    47.96  0.187
    83  -3.731  0.303E-01    35125    47.96  0.187
    84  -3.765  0.303E-01    35125    47.96  0.187
    85  -3.613  0.303E-01    35125    47.96  0.187
    86  -3.768  0.303E-01    35125    47.96  0.187
    87  -3.814  0.303E-01    35125    47.96  0.187
    88  -3.850  0.303E-01    35125    47.96  0.187
    89  -3.701  0.303E-01    35125    47.96  0.187
    90  -3.852  0.303E-01    35125    47.96  0.187
    91  -3.894  0.303E-01    35125    47.96  0.187
    92  -3.932  0.303E-01    35125    47.96  0.187
    93  -3.787  0.303E-01    35125    47.96  0.187
    94  -3.934  0.303E-01    35125    47.96  0.187
    95  -3.974  0.303E-01    35125    47.96  0.187
    96  -4.011  0.303E-01    35125    47.96  0.187
    97  -3.861  0.303E-01    35125    47.96  0.187
    98  -4.009  0.303E-01    35125    47.96  0.187
    99  -4.056  0.303E-01    35125    47.96  0.187
   100  -4.092  0.303E-01    35125    47.96  0.187
   101  -3.945  0.303E-01    35125    47.96  0.187
   102  -4.091  0.303E-01    35125    47.96  0.187
   103  -4.138  0.303E-01    35125    47.96  0.187
   104  -4.175  0.303E-01    35125    47.96  0.187
   105  -4.038  0.303E-01    35125    47.96  0.187
   106  -4.179  0.303E-01    35125    47.96  0.187
   107  -4.218  0.303E-01    35125    47.96  0.187
   108  -4.254  0.303E-01    35125    47.96  0.187
   109  -4.115  0.303E-01    35125    47.96  0.187
   110  -4.260  0.303E-01    35125    47.96  0.187
   111  -4.299  0.303E-01    35125    47.96  0.187
   112  -4.334  0.303E-01    35125    47.96  0.187
   113  -4.178  0.303E-01    35125    47.96  0.187
   114  -4.333  0.303E-01    35125    47.96  0.187
   115  -4.385  0.303E-01    35125    47.96  0.187
   116  -4.418  0.303E-01    35125    47.96  0.187
   117  -4.244  0.303E-01    35125    47.96  0.187
   118  -4.403  0.303E-01    35125    47.96  0.187
   119  -4.469  0.303E-01    35125    47.96  0.187
   120  -4.504  0.303E-01    35125    47.96  0.187
   121  -4.338  0.303E-01    35125    47.96  0.187
   122  -4.482  0.303E-01    35125    47.96  0.187
   123  -4.540  0.303E-01    35125    47.96  0.187
 ! Iterations:    123     Final Criterion:  0.000029
rms of I radiance residuals:   0.17479
Approximate total CPU time used (sec)    678.40
  32.26   1.318 0.187 1.152  Actual MAX_TOTAL_MB, ADAPT_GRID_FACTOR, NUM_SH_TERM_FACTOR, CELL_TO_POINT_RATIO
678.35user 0.09system 11:18.41elapsed 100%CPU (0avgtext+0avgdata 304736maxresident)k
0inputs+4096outputs (0major+19159minor)pagefaults 0swaps
