
 Name of this SHDOMADJ run:
les0822nh15t13y135_w0.646_ns1true2                                              
 Input particle properties filename (or NONE for Rayleigh only)
les0822nh15t13y135t.part                                                        
 Number of input scattering tables
            2
 Name of each scattering table
water_w0.646.scat                                                       
aero_oc_w0.646.scat                                                     
 Index or type of each scattering table
  1  2
 Polarization flag (T or F) for each scattering table
 T T
 Wavelength for Rayleigh molecular scattering (micron)
   0.6460000000000000     
 Surface pressure for Rayleigh molecular scattering (mb or hPa)
    1010.000000000000     
 Number of extra Z levels
   0
 Surface properties file name (or NONE)
 NONE                                                                            
 Correlated k-distribution file name (or NONE)
 NONE                                                                            
 Number of Stokes parameters (1, 3, or 4; 1=unpolarized)
            1
 Number of discrete ordinates in mu and phi
           16           32
 Independent pixel approximation (0,1,2,3)
            0
 Delta-M method (T,F)
  T
 Thermal, solar, or both source (T, S, B)
 S
 Solar flux and direction (F, mu, phi[deg])
    1.000000000000000       -0.9221000000000000         339.4000000000000     
 Isotropic sky radiance
    0.000000000000000     
 Ground albedo
   5.0000000000000003E-002
 Wavelength (micron)
   0.6460000000000000     
 Cell splitting and spherical harmonic series accuracy
   2.9999999999999999E-002   3.0000000000000001E-003
 Acceleration flag (T or F), solution accuracy, and max iterations
  T   3.0000000000000001E-005          200
 Radiance grid output Z level, number in X and Y
    15.00000000000000               320            1
 Number of radiance directions output
            1
 Radiance mu, phi[deg] pairs
    1.000000000000000         0.000000000000000     
 Radiance output file name
les0822nh15t13y135_w0.646_ns1true2.arad                                         
 Observed radiance input file name (or NONE)
les0822nh15t13y135_w0.646_ns1true2.arad                                         
 Observed radiance uncertainty (sigma)
   2.9999999999999999E-002
 Adjoint output file name
les0822nh15t13y135_w0.646_ns1true2.adj                                          
 Approximate maximum memory to use (MB for 4 byte reals)
    2000.000000000000     
 Ratio of total grid points to base grid points (>=1.0)
    5.000000000000000     
 Ratio of average number of spherical harmonic terms to total possible (<=1.0)
   0.9500000000000000     
 Ratio of number of grid cells to grid points (1.0 to 2.0)
    1.500000000000000     

 Rayleigh total atmosphere optical depth:    5.0269465934799501E-002
 Starting solution iterations for SHDOM run: les0822nh15t13y135_w0.646_ns1true2
 ! Iter Log(Sol)  SplitCrit  Npoints  Nsh(avg)
     1  -0.881  0.151E+00    26643    11.89  0.046
     2  -1.065  0.179E+00    26643    12.31  0.048
     3  -1.245  0.235E+00    26643    13.00  0.051
     4  -1.353  0.179E+00    26768    13.75  0.054
     5  -1.609  0.145E+00    26936    15.34  0.060
     6  -1.595  0.113E+00    27203    17.33  0.068
     7  -1.656  0.100E+00    27381    18.49  0.072
     8  -1.742  0.911E-01    27515    19.40  0.076
     9  -1.781  0.826E-01    27757    20.92  0.082
    10  -1.832  0.767E-01    27917    21.84  0.085
    11  -1.873  0.720E-01    28177    23.33  0.091
    12  -1.929  0.678E-01    28370    24.46  0.096
    13  -1.951  0.639E-01    28648    25.77  0.101
    14  -2.004  0.613E-01    28875    26.88  0.105
    15  -2.009  0.581E-01    29181    28.39  0.111
    16  -2.069  0.564E-01    29357    29.24  0.114
    17  -2.079  0.536E-01    29627    30.69  0.120
    18  -2.127  0.520E-01    29831    31.58  0.123
    19  -2.124  0.498E-01    30118    32.75  0.128
    20  -2.185  0.488E-01    30267    33.34  0.130
    21  -2.205  0.467E-01    30601    34.68  0.135
    22  -2.227  0.451E-01    30855    35.60  0.139
    23  -2.155  0.437E-01    31127    36.51  0.143
    24  -2.288  0.437E-01    31154    36.58  0.143
    25  -2.316  0.421E-01    31432    37.54  0.147
    26  -2.310  0.401E-01    31835    39.02  0.152
    27  -2.106  0.393E-01    32087    39.80  0.155
    28  -2.374  0.393E-01    32126    39.89  0.156
    29  -2.398  0.393E-01    32161    40.01  0.156
    30  -2.398  0.371E-01    32653    41.62  0.163
    31  -1.842  0.359E-01    33133    42.92  0.168
    32  -2.421  0.359E-01    33176    43.03  0.168
    33  -2.493  0.359E-01    33201    43.08  0.168
    34  -2.507  0.355E-01    33268    43.30  0.169
    35  -2.032  0.330E-01    34125    45.52  0.178
    36  -2.487  0.329E-01    34165    45.58  0.178
    37  -2.589  0.329E-01    34187    45.59  0.178
    38  -2.598  0.317E-01    34533    46.53  0.182
    39  -1.904  0.300E-01    35289    48.37  0.189
    40  -2.587  0.300E-01    35345    48.51  0.189
    41  -2.687  0.300E-01    35361    48.51  0.189
    42  -2.707  0.300E-01    35384    48.53  0.190
    43  -2.248  0.300E-01    35570    48.76  0.190
    44  -2.700  0.300E-01    35589    48.76  0.190
    45  -2.776  0.300E-01    35600    48.77  0.191
    46  -2.804  0.300E-01    35608    48.76  0.190
    47  -2.708  0.300E-01    35734    48.91  0.191
    48  -2.841  0.300E-01    35747    48.91  0.191
    49  -2.890  0.300E-01    35753    48.91  0.191
    50  -2.901  0.300E-01    35760    48.93  0.191
    51  -2.850  0.300E-01    35882    49.02  0.191
    52  -2.919  0.300E-01    35909    49.01  0.191
    53  -2.967  0.300E-01    35922    49.02  0.191
    54  -2.990  0.300E-01    35926    49.02  0.191
    55  -3.005  0.300E-01    36044    49.05  0.192
    56  -3.007  0.304E-01    36044    49.05  0.192
    57  -3.066  0.304E-01    36044    49.05  0.192
    58  -3.077  0.304E-01    36044    49.05  0.192
    59  -3.100  0.304E-01    36044    49.05  0.192
    60  -3.141  0.304E-01    36044    49.05  0.192
    61  -3.003  0.304E-01    36044    49.05  0.192
    62  -3.132  0.304E-01    36044    49.05  0.192
    63  -3.201  0.304E-01    36044    49.05  0.192
    64  -3.244  0.304E-01    36044    49.05  0.192
    65  -3.135  0.304E-01    36044    49.05  0.192
    66  -3.262  0.304E-01    36044    49.05  0.192
    67  -3.295  0.304E-01    36044    49.05  0.192
    68  -3.334  0.304E-01    36044    49.05  0.192
    69  -3.205  0.304E-01    36044    49.05  0.192
    70  -3.342  0.304E-01    36044    49.05  0.192
    71  -3.385  0.304E-01    36044    49.05  0.192
    72  -3.421  0.304E-01    36044    49.05  0.192
    73  -3.277  0.304E-01    36044    49.05  0.192
    74  -3.426  0.304E-01    36044    49.05  0.192
    75  -3.479  0.304E-01    36044    49.05  0.192
    76  -3.512  0.304E-01    36044    49.05  0.192
    77  -3.357  0.304E-01    36044    49.05  0.192
    78  -3.510  0.304E-01    36044    49.05  0.192
    79  -3.567  0.304E-01    36044    49.05  0.192
    80  -3.602  0.304E-01    36044    49.05  0.192
    81  -3.449  0.304E-01    36044    49.05  0.192
    82  -3.597  0.304E-01    36044    49.05  0.192
    83  -3.651  0.304E-01    36044    49.05  0.192
    84  -3.688  0.304E-01    36044    49.05  0.192
    85  -3.544  0.304E-01    36044    49.05  0.192
    86  -3.687  0.304E-01    36044    49.05  0.192
    87  -3.732  0.304E-01    36044    49.05  0.192
    88  -3.771  0.304E-01    36044    49.05  0.192
    89  -3.636  0.304E-01    36044    49.05  0.192
    90  -3.775  0.304E-01    36044    49.05  0.192
    91  -3.814  0.304E-01    36044    49.05  0.192
    92  -3.854  0.304E-01    36044    49.05  0.192
    93  -3.724  0.304E-01    36044    49.05  0.192
    94  -3.864  0.304E-01    36044    49.05  0.192
    95  -3.899  0.304E-01    36044    49.05  0.192
    96  -3.938  0.304E-01    36044    49.05  0.192
    97  -3.811  0.304E-01    36044    49.05  0.192
    98  -3.954  0.304E-01    36044    49.05  0.192
    99  -3.989  0.304E-01    36044    49.05  0.192
   100  -4.025  0.304E-01    36044    49.05  0.192
   101  -3.893  0.304E-01    36044    49.05  0.192
   102  -4.047  0.304E-01    36044    49.05  0.192
   103  -4.086  0.304E-01    36044    49.05  0.192
   104  -4.118  0.304E-01    36044    49.05  0.192
   105  -3.988  0.304E-01    36044    49.05  0.192
   106  -4.145  0.304E-01    36044    49.05  0.192
   107  -4.184  0.304E-01    36044    49.05  0.192
   108  -4.214  0.304E-01    36044    49.05  0.192
   109  -4.081  0.304E-01    36044    49.05  0.192
   110  -4.237  0.304E-01    36044    49.05  0.192
   111  -4.279  0.304E-01    36044    49.05  0.192
   112  -4.310  0.304E-01    36044    49.05  0.192
   113  -4.165  0.304E-01    36044    49.05  0.192
   114  -4.323  0.304E-01    36044    49.05  0.192
   115  -4.372  0.304E-01    36044    49.05  0.192
   116  -4.404  0.304E-01    36044    49.05  0.192
   117  -4.251  0.304E-01    36044    49.05  0.192
   118  -4.411  0.304E-01    36044    49.05  0.192
   119  -4.464  0.304E-01    36044    49.05  0.192
   120  -4.497  0.304E-01    36044    49.05  0.192
   121  -4.338  0.304E-01    36044    49.05  0.192
   122  -4.501  0.304E-01    36044    49.05  0.192
   123  -4.559  0.304E-01    36044    49.05  0.192
 ! Iterations:    123     Final Criterion:  0.000028
rms of I radiance residuals:   0.00001
Approximate total CPU time used (sec)    692.15
  33.52   1.353 0.192 1.167  Actual MAX_TOTAL_MB, ADAPT_GRID_FACTOR, NUM_SH_TERM_FACTOR, CELL_TO_POINT_RATIO
692.02user 0.10system 11:32.15elapsed 99%CPU (0avgtext+0avgdata 311216maxresident)k
0inputs+4096outputs (0major+19565minor)pagefaults 0swaps
