
 Name of this SHDOMADJ run:
les0822nh15t13y135_w0.646_ns1true3                                              
 Input particle properties filename (or NONE for Rayleigh only)
les0822nh15t13y135t.part                                                        
 Number of input scattering tables
            1
 Name of each scattering table
water_w0.646.scat                                                       
 Index or type of each scattering table
  1
 Polarization flag (T or F) for each scattering table
 T
 Wavelength for Rayleigh molecular scattering (micron)
   0.6460000000000000     
 Surface pressure for Rayleigh molecular scattering (mb or hPa)
    1010.000000000000     
 Number of extra Z levels
   4
 Height (km) and temperature (K) :            1
   4.000 276.00
 Height (km) and temperature (K) :            2
   6.000 263.00
 Height (km) and temperature (K) :            3
   8.000 250.00
 Height (km) and temperature (K) :            4
  15.000 204.00
 Surface properties file name (or NONE)
 NONE                                                                            
 Correlated k-distribution file name (or NONE)
 NONE                                                                            
 Number of Stokes parameters (1, 3, or 4; 1=unpolarized)
            1
 Number of discrete ordinates in mu and phi
           16           32
 Independent pixel approximation (0,1,2,3)
            0
 Delta-M method (T,F)
  T
 Thermal, solar, or both source (T, S, B)
 S
 Solar flux and direction (F, mu, phi[deg])
    1.000000000000000       -0.9221000000000000         339.4000000000000     
 Isotropic sky radiance
    0.000000000000000     
 Ground albedo
   5.0000000000000003E-002
 Wavelength (micron)
   0.6460000000000000     
 Cell splitting and spherical harmonic series accuracy
   2.9999999999999999E-002   3.0000000000000001E-003
 Acceleration flag (T or F), solution accuracy, and max iterations
  T   3.0000000000000001E-005          250
 Radiance grid output Z level, number in X and Y
    15.00000000000000               320            1
 Number of radiance directions output
            1
 Radiance mu, phi[deg] pairs
    1.000000000000000         0.000000000000000     
 Radiance output file name
les0822nh15t13y135_w0.646_ns1true3.arad                                         
 Observed radiance input file name (or NONE)
les0822nh15t13y135_w0.646_ns1true3.arad                                         
 Observed radiance uncertainty (sigma)
   2.9999999999999999E-002
 Adjoint output file name
les0822nh15t13y135_w0.646_ns1true3.adj                                          
 Approximate maximum memory to use (MB for 4 byte reals)
    2000.000000000000     
 Ratio of total grid points to base grid points (>=1.0)
    5.000000000000000     
 Ratio of average number of spherical harmonic terms to total possible (<=1.0)
   0.9500000000000000     
 Ratio of number of grid cells to grid points (1.0 to 2.0)
    1.500000000000000     

 Rayleigh total atmosphere optical depth:    5.0269465934799501E-002
 Starting solution iterations for SHDOM run: les0822nh15t13y135_w0.646_ns1true3
 ! Iter Log(Sol)  SplitCrit  Npoints  Nsh(avg)
     1  -0.908  0.151E+00    28569    11.72  0.046
     2  -1.089  0.179E+00    28569    12.11  0.047
     3  -1.255  0.232E+00    28571    12.77  0.050
     4  -1.367  0.176E+00    28632    13.42  0.052
     5  -1.629  0.143E+00    28801    15.04  0.059
     6  -1.598  0.111E+00    29069    16.91  0.066
     7  -1.674  0.990E-01    29240    18.03  0.070
     8  -1.746  0.896E-01    29392    18.94  0.074
     9  -1.777  0.818E-01    29634    20.41  0.080
    10  -1.840  0.767E-01    29784    21.22  0.083
    11  -1.889  0.716E-01    30068    22.73  0.089
    12  -1.932  0.672E-01    30267    23.83  0.093
    13  -1.948  0.635E-01    30548    25.16  0.098
    14  -2.010  0.612E-01    30752    26.11  0.102
    15  -2.035  0.579E-01    31056    27.52  0.108
    16  -2.074  0.555E-01    31325    28.80  0.113
    17  -2.036  0.531E-01    31569    29.93  0.117
    18  -2.143  0.530E-01    31607    30.09  0.118
    19  -2.182  0.499E-01    31967    31.54  0.123
    20  -2.184  0.472E-01    32328    32.94  0.129
    21  -2.081  0.459E-01    32637    34.02  0.133
    22  -2.244  0.459E-01    32670    34.09  0.133
    23  -2.265  0.447E-01    32854    34.79  0.136
    24  -2.287  0.426E-01    33188    35.88  0.140
    25  -2.041  0.411E-01    33589    37.13  0.145
    26  -2.344  0.411E-01    33636    37.24  0.145
    27  -2.375  0.410E-01    33679    37.35  0.146
    28  -2.358  0.385E-01    34174    39.16  0.153
    29  -2.386  0.374E-01    34461    40.02  0.156
    30  -2.358  0.363E-01    34766    40.90  0.160
    31  -2.433  0.363E-01    34794    40.97  0.160
    32  -2.450  0.348E-01    35213    42.15  0.165
    33  -2.452  0.337E-01    35497    42.93  0.168
    34  -2.414  0.331E-01    35662    43.40  0.170
    35  -2.501  0.331E-01    35673    43.41  0.170
    36  -2.512  0.322E-01    36027    44.45  0.174
    37  -2.520  0.313E-01    36318    45.14  0.176
    38  -2.491  0.307E-01    36551    45.64  0.178
    39  -2.549  0.307E-01    36584    45.67  0.178
    40  -2.540  0.300E-01    36916    46.52  0.182
    41  -2.577  0.300E-01    36947    46.59  0.182
    42  -2.597  0.300E-01    36994    46.62  0.182
    43  -2.611  0.300E-01    37013    46.62  0.182
    44  -2.515  0.300E-01    37276    46.97  0.183
    45  -2.646  0.300E-01    37294    46.98  0.184
    46  -2.713  0.300E-01    37313    47.02  0.184
    47  -2.726  0.300E-01    37331    47.04  0.184
    48  -2.379  0.300E-01    37515    47.22  0.184
    49  -2.739  0.300E-01    37530    47.23  0.184
    50  -2.795  0.300E-01    37543    47.24  0.185
    51  -2.825  0.300E-01    37558    47.24  0.185
    52  -2.676  0.300E-01    37642    47.31  0.185
    53  -2.866  0.300E-01    37654    47.33  0.185
    54  -2.887  0.300E-01    37669    47.34  0.185
    55  -2.896  0.300E-01    37673    47.34  0.185
    56  -2.805  0.300E-01    37785    47.42  0.185
    57  -2.930  0.300E-01    37802    47.45  0.185
    58  -2.964  0.300E-01    37822    47.46  0.185
    59  -2.980  0.300E-01    37835    47.45  0.185
    60  -2.995  0.300E-01    37879    47.46  0.185
    61  -3.006  0.300E-01    37888    47.46  0.185
    62  -3.009  0.307E-01    37888    47.46  0.185
    63  -3.040  0.307E-01    37888    47.46  0.185
    64  -2.971  0.307E-01    37888    47.46  0.185
    65  -3.090  0.307E-01    37888    47.46  0.185
    66  -3.120  0.307E-01    37888    47.46  0.185
    67  -3.146  0.307E-01    37888    47.46  0.185
    68  -3.088  0.307E-01    37888    47.46  0.185
    69  -3.196  0.307E-01    37888    47.46  0.185
    70  -3.212  0.307E-01    37888    47.46  0.185
    71  -3.247  0.307E-01    37888    47.46  0.185
    72  -3.143  0.307E-01    37888    47.46  0.185
    73  -3.283  0.307E-01    37888    47.46  0.185
    74  -3.315  0.307E-01    37888    47.46  0.185
    75  -3.344  0.307E-01    37888    47.46  0.185
    76  -3.263  0.307E-01    37888    47.46  0.185
    77  -3.390  0.307E-01    37888    47.46  0.185
    78  -3.407  0.307E-01    37888    47.46  0.185
    79  -3.441  0.307E-01    37888    47.46  0.185
    80  -3.316  0.307E-01    37888    47.46  0.185
    81  -3.469  0.307E-01    37888    47.46  0.185
    82  -3.508  0.307E-01    37888    47.46  0.185
    83  -3.538  0.307E-01    37888    47.46  0.185
    84  -3.411  0.307E-01    37888    47.46  0.185
    85  -3.561  0.307E-01    37888    47.46  0.185
    86  -3.601  0.307E-01    37888    47.46  0.185
    87  -3.633  0.307E-01    37888    47.46  0.185
    88  -3.487  0.307E-01    37888    47.46  0.185
    89  -3.648  0.307E-01    37888    47.46  0.185
    90  -3.697  0.307E-01    37888    47.46  0.185
    91  -3.728  0.307E-01    37888    47.46  0.185
    92  -3.584  0.307E-01    37888    47.46  0.185
    93  -3.742  0.307E-01    37888    47.46  0.185
    94  -3.792  0.307E-01    37888    47.46  0.185
    95  -3.823  0.307E-01    37888    47.46  0.185
    96  -3.674  0.307E-01    37888    47.46  0.185
    97  -3.833  0.307E-01    37888    47.46  0.185
    98  -3.886  0.307E-01    37888    47.46  0.185
    99  -3.917  0.307E-01    37888    47.46  0.185
   100  -3.765  0.307E-01    37888    47.46  0.185
   101  -3.924  0.307E-01    37888    47.46  0.185
   102  -3.978  0.307E-01    37888    47.46  0.185
   103  -4.011  0.307E-01    37888    47.46  0.185
   104  -3.858  0.307E-01    37888    47.46  0.185
   105  -4.018  0.307E-01    37888    47.46  0.185
   106  -4.071  0.307E-01    37888    47.46  0.185
   107  -4.104  0.307E-01    37888    47.46  0.185
   108  -3.956  0.307E-01    37888    47.46  0.185
   109  -4.115  0.307E-01    37888    47.46  0.185
   110  -4.164  0.307E-01    37888    47.46  0.185
   111  -4.196  0.307E-01    37888    47.46  0.185
   112  -4.044  0.307E-01    37888    47.46  0.185
   113  -4.208  0.307E-01    37888    47.46  0.185
   114  -4.256  0.307E-01    37888    47.46  0.185
   115  -4.288  0.307E-01    37888    47.46  0.185
   116  -4.138  0.307E-01    37888    47.46  0.185
   117  -4.301  0.307E-01    37888    47.46  0.185
   118  -4.347  0.307E-01    37888    47.46  0.185
   119  -4.380  0.307E-01    37888    47.46  0.185
   120  -4.229  0.307E-01    37888    47.46  0.185
   121  -4.392  0.307E-01    37888    47.46  0.185
   122  -4.442  0.307E-01    37888    47.46  0.185
   123  -4.472  0.307E-01    37888    47.46  0.185
   124  -4.317  0.307E-01    37888    47.46  0.185
   125  -4.482  0.307E-01    37888    47.46  0.185
   126  -4.538  0.307E-01    37888    47.46  0.185
 ! Iterations:    126     Final Criterion:  0.000029
rms of I radiance residuals:   0.00001
Approximate total CPU time used (sec)    708.87
  34.56   1.326 0.185 1.157  Actual MAX_TOTAL_MB, ADAPT_GRID_FACTOR, NUM_SH_TERM_FACTOR, CELL_TO_POINT_RATIO
708.85user 0.06system 11:48.87elapsed 100%CPU (0avgtext+0avgdata 331424maxresident)k
0inputs+4392outputs (0major+20828minor)pagefaults 0swaps
