
 Name of this SHDOMADJ run:
les0822nh15t13y135_ocaer1_w0.646_ns1true2                                       
 Input particle properties filename (or NONE for Rayleigh only)
les0822nh15t13y135_ocaer1t.part                                                 
 Number of input scattering tables
            2
 Name of each scattering table
water_w0.646.scat                                                       
aero_oc_w0.646.scat                                                     
 Index or type of each scattering table
  1  2
 Polarization flag (T or F) for each scattering table
 T T
 Wavelength for Rayleigh molecular scattering (micron)
   0.6460000000000000     
 Surface pressure for Rayleigh molecular scattering (mb or hPa)
    1010.000000000000     
 Number of extra Z levels
   0
 Surface properties file name (or NONE)
 NONE                                                                            
 Correlated k-distribution file name (or NONE)
 NONE                                                                            
 Number of Stokes parameters (1, 3, or 4; 1=unpolarized)
            1
 Number of discrete ordinates in mu and phi
           16           32
 Independent pixel approximation (0,1,2,3)
            0
 Delta-M method (T,F)
  T
 Thermal, solar, or both source (T, S, B)
 S
 Solar flux and direction (F, mu, phi[deg])
    1.000000000000000       -0.9221000000000000         339.4000000000000     
 Isotropic sky radiance
    0.000000000000000     
 Ground albedo
   5.0000000000000003E-002
 Wavelength (micron)
   0.6460000000000000     
 Cell splitting and spherical harmonic series accuracy
   2.9999999999999999E-002   3.0000000000000001E-003
 Acceleration flag (T or F), solution accuracy, and max iterations
  T   3.0000000000000001E-005          200
 Radiance grid output Z level, number in X and Y
    15.00000000000000               320            1
 Number of radiance directions output
            1
 Radiance mu, phi[deg] pairs
    1.000000000000000         0.000000000000000     
 Radiance output file name
les0822nh15t13y135_ocaer1_w0.646_ns1true2.arad                                  
 Observed radiance input file name (or NONE)
les0822nh15t13y135_ocaer1_w0.646_ns1true2.arad                                  
 Observed radiance uncertainty (sigma)
   2.9999999999999999E-002
 Adjoint output file name
les0822nh15t13y135_ocaer1_w0.646_ns1true2.adj                                   
 Approximate maximum memory to use (MB for 4 byte reals)
    2000.000000000000     
 Ratio of total grid points to base grid points (>=1.0)
    5.000000000000000     
 Ratio of average number of spherical harmonic terms to total possible (<=1.0)
   0.9500000000000000     
 Ratio of number of grid cells to grid points (1.0 to 2.0)
    1.500000000000000     

 Rayleigh total atmosphere optical depth:    5.0269465934799501E-002
 Starting solution iterations for SHDOM run: 
 les0822nh15t13y135_ocaer1_w0.646_ns1true2
 ! Iter Log(Sol)  SplitCrit  Npoints  Nsh(avg)
     1  -0.847  0.136E+00    27606    54.71  0.214
     2  -1.147  0.167E+00    27606    56.52  0.221
     3  -1.368  0.201E+00    27610    57.85  0.226
     4  -1.478  0.153E+00    27750    58.84  0.230
     5  -1.703  0.122E+00    27990    60.84  0.238
     6  -1.676  0.952E-01    28265    62.29  0.243
     7  -1.776  0.864E-01    28456    63.40  0.248
     8  -1.817  0.775E-01    28693    64.56  0.252
     9  -1.867  0.718E-01    28929    65.62  0.256
    10  -1.918  0.671E-01    29189    66.79  0.261
    11  -1.943  0.631E-01    29471    67.99  0.266
    12  -2.006  0.603E-01    29670    68.73  0.268
    13  -2.058  0.568E-01    30040    70.14  0.274
    14  -2.078  0.536E-01    30372    71.36  0.279
    15  -2.069  0.515E-01    30652    72.39  0.283
    16  -2.148  0.508E-01    30800    72.72  0.284
    17  -2.193  0.482E-01    31103    73.69  0.288
    18  -2.203  0.458E-01    31412    74.48  0.291
    19  -2.129  0.444E-01    31799    75.44  0.295
    20  -2.275  0.444E-01    31839    75.53  0.295
    21  -2.312  0.425E-01    32133    76.22  0.298
    22  -2.320  0.402E-01    32512    77.13  0.301
    23  -2.117  0.389E-01    32938    78.03  0.305
    24  -2.380  0.389E-01    32991    78.09  0.305
    25  -2.427  0.389E-01    33034    78.19  0.305
    26  -2.424  0.360E-01    33645    79.43  0.310
    27  -1.864  0.348E-01    34242    80.28  0.314
    28  -2.403  0.347E-01    34290    80.34  0.314
    29  -2.535  0.348E-01    34325    80.39  0.314
    30  -2.562  0.344E-01    34405    80.41  0.314
    31  -2.306  0.314E-01    35442    81.92  0.320
    32  -2.506  0.314E-01    35493    81.93  0.320
    33  -2.637  0.314E-01    35528    81.93  0.320
    34  -2.625  0.300E-01    36036    82.83  0.324
    35  -2.669  0.300E-01    36080    82.89  0.324
    36  -2.684  0.300E-01    36138    82.91  0.324
    37  -2.712  0.300E-01    36157    82.92  0.324
    38  -2.691  0.300E-01    36276    82.94  0.324
    39  -2.753  0.300E-01    36293    82.95  0.324
    40  -2.777  0.300E-01    36339    82.94  0.324
    41  -2.791  0.300E-01    36351    82.93  0.324
    42  -2.777  0.300E-01    36511    82.98  0.324
    43  -2.827  0.300E-01    36533    82.98  0.324
    44  -2.874  0.300E-01    36555    83.00  0.324
    45  -2.885  0.300E-01    36568    82.99  0.324
    46  -2.830  0.300E-01    36731    82.98  0.324
    47  -2.904  0.300E-01    36747    82.98  0.324
    48  -2.957  0.300E-01    36766    82.98  0.324
    49  -2.968  0.300E-01    36789    82.96  0.324
    50  -2.647  0.300E-01    36895    82.90  0.324
    51  -2.969  0.300E-01    36904    82.90  0.324
    52  -3.037  0.300E-01    36912    82.89  0.324
    53  -3.050  0.302E-01    36912    82.89  0.324
    54  -3.055  0.302E-01    36912    82.89  0.324
    55  -3.106  0.302E-01    36912    82.89  0.324
    56  -3.006  0.302E-01    36912    82.89  0.324
    57  -3.111  0.302E-01    36912    82.89  0.324
    58  -3.134  0.302E-01    36912    82.89  0.324
    59  -3.185  0.302E-01    36912    82.89  0.324
    60  -3.093  0.302E-01    36912    82.89  0.324
    61  -3.200  0.302E-01    36912    82.89  0.324
    62  -3.211  0.302E-01    36912    82.89  0.324
    63  -3.259  0.302E-01    36912    82.89  0.324
    64  -3.158  0.302E-01    36912    82.89  0.324
    65  -3.274  0.302E-01    36912    82.89  0.324
    66  -3.290  0.302E-01    36912    82.89  0.324
    67  -3.333  0.302E-01    36912    82.89  0.324
    68  -3.214  0.302E-01    36912    82.89  0.324
    69  -3.339  0.302E-01    36912    82.89  0.324
    70  -3.370  0.302E-01    36912    82.89  0.324
    71  -3.409  0.302E-01    36912    82.89  0.324
    72  -3.275  0.302E-01    36912    82.89  0.324
    73  -3.406  0.302E-01    36912    82.89  0.324
    74  -3.445  0.302E-01    36912    82.89  0.324
    75  -3.484  0.302E-01    36912    82.89  0.324
    76  -3.353  0.302E-01    36912    82.89  0.324
    77  -3.481  0.302E-01    36912    82.89  0.324
    78  -3.514  0.302E-01    36912    82.89  0.324
    79  -3.555  0.302E-01    36912    82.89  0.324
    80  -3.433  0.302E-01    36912    82.89  0.324
    81  -3.557  0.302E-01    36912    82.89  0.324
    82  -3.582  0.302E-01    36912    82.89  0.324
    83  -3.624  0.302E-01    36912    82.89  0.324
    84  -3.505  0.302E-01    36912    82.89  0.324
    85  -3.629  0.302E-01    36912    82.89  0.324
    86  -3.651  0.302E-01    36912    82.89  0.324
    87  -3.693  0.302E-01    36912    82.89  0.324
    88  -3.576  0.302E-01    36912    82.89  0.324
    89  -3.700  0.302E-01    36912    82.89  0.324
    90  -3.720  0.302E-01    36912    82.89  0.324
    91  -3.763  0.302E-01    36912    82.89  0.324
    92  -3.648  0.302E-01    36912    82.89  0.324
    93  -3.772  0.302E-01    36912    82.89  0.324
    94  -3.791  0.302E-01    36912    82.89  0.324
    95  -3.833  0.302E-01    36912    82.89  0.324
    96  -3.717  0.302E-01    36912    82.89  0.324
    97  -3.845  0.302E-01    36912    82.89  0.324
    98  -3.865  0.302E-01    36912    82.89  0.324
    99  -3.904  0.302E-01    36912    82.89  0.324
   100  -3.779  0.302E-01    36912    82.89  0.324
   101  -3.917  0.302E-01    36912    82.89  0.324
   102  -3.943  0.302E-01    36912    82.89  0.324
   103  -3.979  0.302E-01    36912    82.89  0.324
   104  -3.837  0.302E-01    36912    82.89  0.324
   105  -3.989  0.302E-01    36912    82.89  0.324
   106  -4.027  0.302E-01    36912    82.89  0.324
   107  -4.059  0.302E-01    36912    82.89  0.324
   108  -3.926  0.302E-01    36912    82.89  0.324
   109  -4.073  0.302E-01    36912    82.89  0.324
   110  -4.109  0.302E-01    36912    82.89  0.324
   111  -4.141  0.302E-01    36912    82.89  0.324
   112  -4.000  0.302E-01    36912    82.89  0.324
   113  -4.153  0.302E-01    36912    82.89  0.324
   114  -4.193  0.302E-01    36912    82.89  0.324
   115  -4.223  0.302E-01    36912    82.89  0.324
   116  -4.077  0.302E-01    36912    82.89  0.324
   117  -4.233  0.302E-01    36912    82.89  0.324
   118  -4.277  0.302E-01    36912    82.89  0.324
   119  -4.306  0.302E-01    36912    82.89  0.324
   120  -4.148  0.302E-01    36912    82.89  0.324
   121  -4.307  0.302E-01    36912    82.89  0.324
   122  -4.359  0.302E-01    36912    82.89  0.324
   123  -4.388  0.302E-01    36912    82.89  0.324
   124  -4.220  0.302E-01    36912    82.89  0.324
   125  -4.379  0.302E-01    36912    82.89  0.324
   126  -4.437  0.302E-01    36912    82.89  0.324
   127  -4.469  0.302E-01    36912    82.89  0.324
   128  -4.294  0.302E-01    36912    82.89  0.324
   129  -4.453  0.302E-01    36912    82.89  0.324
   130  -4.515  0.302E-01    36912    82.89  0.324
   131  -4.548  0.302E-01    36912    82.89  0.324
 ! Iterations:    131     Final Criterion:  0.000028
rms of I radiance residuals:   0.00001
Approximate total CPU time used (sec)    770.30
  48.63   1.337 0.324 1.160  Actual MAX_TOTAL_MB, ADAPT_GRID_FACTOR, NUM_SH_TERM_FACTOR, CELL_TO_POINT_RATIO
770.22user 0.12system 12:50.31elapsed 100%CPU (0avgtext+0avgdata 442032maxresident)k
0inputs+4248outputs (0major+27735minor)pagefaults 0swaps
