
 Name of this SHDOMADJ run:
les0822nh15t13y135_ocaer1_w0.646_ns1guess2                                      
 Input particle properties filename (or NONE for Rayleigh only)
les0822nh15t13y135_ocaer1g.part                                                 
 Number of input scattering tables
            2
 Name of each scattering table
water_w0.646.scat                                                       
aero_oc_w0.646.scat                                                     
 Index or type of each scattering table
  1  2
 Polarization flag (T or F) for each scattering table
 T T
 Wavelength for Rayleigh molecular scattering (micron)
   0.6460000000000000     
 Surface pressure for Rayleigh molecular scattering (mb or hPa)
    1010.000000000000     
 Number of extra Z levels
   0
 Surface properties file name (or NONE)
 NONE                                                                            
 Correlated k-distribution file name (or NONE)
 NONE                                                                            
 Number of Stokes parameters (1, 3, or 4; 1=unpolarized)
            1
 Number of discrete ordinates in mu and phi
           16           32
 Independent pixel approximation (0,1,2,3)
            0
 Delta-M method (T,F)
  T
 Thermal, solar, or both source (T, S, B)
 S
 Solar flux and direction (F, mu, phi[deg])
    1.000000000000000       -0.9221000000000000         339.4000000000000     
 Isotropic sky radiance
    0.000000000000000     
 Ground albedo
   5.0000000000000003E-002
 Wavelength (micron)
   0.6460000000000000     
 Cell splitting and spherical harmonic series accuracy
   2.9999999999999999E-002   3.0000000000000001E-003
 Acceleration flag (T or F), solution accuracy, and max iterations
  T   3.0000000000000001E-005          200
 Radiance grid output Z level, number in X and Y
    15.00000000000000               320            1
 Number of radiance directions output
            1
 Radiance mu, phi[deg] pairs
    1.000000000000000         0.000000000000000     
 Radiance output file name
les0822nh15t13y135_ocaer1_w0.646_ns1guess2.arad                                 
 Observed radiance input file name (or NONE)
les0822nh15t13y135_ocaer1_w0.646_ns1true2.arad                                  
 Observed radiance uncertainty (sigma)
   2.9999999999999999E-002
 Adjoint output file name
les0822nh15t13y135_ocaer1_w0.646_ns1guess2.adj                                  
 Approximate maximum memory to use (MB for 4 byte reals)
    2000.000000000000     
 Ratio of total grid points to base grid points (>=1.0)
    5.000000000000000     
 Ratio of average number of spherical harmonic terms to total possible (<=1.0)
   0.9500000000000000     
 Ratio of number of grid cells to grid points (1.0 to 2.0)
    1.500000000000000     

 Rayleigh total atmosphere optical depth:    5.0269465934799501E-002
 Starting solution iterations for SHDOM run: 
 les0822nh15t13y135_ocaer1_w0.646_ns1guess2
 ! Iter Log(Sol)  SplitCrit  Npoints  Nsh(avg)
     1  -0.840  0.133E+00    27606    55.52  0.217
     2  -1.127  0.162E+00    27606    57.37  0.224
     3  -1.353  0.207E+00    27606    58.71  0.229
     4  -1.469  0.150E+00    27730    59.61  0.233
     5  -1.697  0.120E+00    27952    61.43  0.240
     6  -1.674  0.950E-01    28224    62.96  0.246
     7  -1.756  0.854E-01    28410    64.02  0.250
     8  -1.824  0.771E-01    28602    64.99  0.254
     9  -1.882  0.709E-01    28824    66.05  0.258
    10  -1.913  0.658E-01    29046    67.06  0.262
    11  -1.869  0.622E-01    29390    68.58  0.268
    12  -2.033  0.620E-01    29431    68.75  0.269
    13  -2.086  0.566E-01    29837    70.22  0.274
    14  -2.095  0.524E-01    30192    71.60  0.280
    15  -1.984  0.503E-01    30593    73.01  0.285
    16  -2.180  0.503E-01    30644    73.21  0.286
    17  -2.231  0.479E-01    30925    73.92  0.289
    18  -2.239  0.446E-01    31308    75.13  0.293
    19  -1.958  0.428E-01    31745    76.22  0.298
    20  -2.302  0.428E-01    31804    76.32  0.298
    21  -2.365  0.428E-01    31847    76.33  0.298
    22  -2.370  0.393E-01    32371    77.59  0.303
    23  -1.846  0.374E-01    32991    78.91  0.308
    24  -2.375  0.374E-01    33038    78.99  0.309
    25  -2.484  0.373E-01    33092    79.00  0.309
    26  -2.497  0.360E-01    33355    79.53  0.311
    27  -2.094  0.333E-01    34138    80.95  0.316
    28  -2.512  0.333E-01    34199    80.99  0.316
    29  -2.598  0.333E-01    34239    81.01  0.316
    30  -2.589  0.310E-01    34829    81.83  0.320
    31  -2.597  0.300E-01    35191    82.50  0.322
    32  -2.524  0.300E-01    35268    82.59  0.323
    33  -2.642  0.300E-01    35295    82.59  0.323
    34  -2.667  0.300E-01    35332    82.58  0.323
    35  -2.678  0.300E-01    35354    82.56  0.323
    36  -2.679  0.300E-01    35547    82.65  0.323
    37  -2.731  0.300E-01    35565    82.63  0.323
    38  -2.770  0.300E-01    35591    82.63  0.323
    39  -2.784  0.300E-01    35611    82.64  0.323
    40  -2.697  0.300E-01    35770    82.67  0.323
    41  -2.824  0.300E-01    35778    82.69  0.323
    42  -2.876  0.300E-01    35797    82.68  0.323
    43  -2.884  0.300E-01    35803    82.69  0.323
    44  -2.831  0.300E-01    35905    82.69  0.323
    45  -2.929  0.300E-01    35919    82.67  0.323
    46  -2.971  0.300E-01    35943    82.65  0.323
    47  -2.974  0.300E-01    35948    82.66  0.323
    48  -2.666  0.300E-01    36069    82.65  0.323
    49  -2.962  0.300E-01    36079    82.63  0.323
    50  -3.041  0.300E-01    36093    82.62  0.323
    51  -3.055  0.301E-01    36093    82.62  0.323
    52  -3.065  0.301E-01    36093    82.62  0.323
    53  -3.121  0.301E-01    36093    82.62  0.323
    54  -3.072  0.301E-01    36093    82.62  0.323
    55  -3.145  0.301E-01    36093    82.62  0.323
    56  -3.129  0.301E-01    36093    82.62  0.323
    57  -3.191  0.301E-01    36093    82.62  0.323
    58  -3.144  0.301E-01    36093    82.62  0.323
    59  -3.219  0.301E-01    36093    82.62  0.323
    60  -3.193  0.301E-01    36093    82.62  0.323
    61  -3.256  0.301E-01    36093    82.62  0.323
    62  -3.207  0.301E-01    36093    82.62  0.323
    63  -3.287  0.301E-01    36093    82.62  0.323
    64  -3.259  0.301E-01    36093    82.62  0.323
    65  -3.318  0.301E-01    36093    82.62  0.323
    66  -3.260  0.301E-01    36093    82.62  0.323
    67  -3.349  0.301E-01    36093    82.62  0.323
    68  -3.329  0.301E-01    36093    82.62  0.323
    69  -3.381  0.301E-01    36093    82.62  0.323
    70  -3.305  0.301E-01    36093    82.62  0.323
    71  -3.406  0.301E-01    36093    82.62  0.323
    72  -3.402  0.301E-01    36093    82.62  0.323
    73  -3.446  0.301E-01    36093    82.62  0.323
    74  -3.348  0.301E-01    36093    82.62  0.323
    75  -3.463  0.301E-01    36093    82.62  0.323
    76  -3.475  0.301E-01    36093    82.62  0.323
    77  -3.514  0.301E-01    36093    82.62  0.323
    78  -3.395  0.301E-01    36093    82.62  0.323
    79  -3.522  0.301E-01    36093    82.62  0.323
    80  -3.546  0.301E-01    36093    82.62  0.323
    81  -3.581  0.301E-01    36093    82.62  0.323
    82  -3.445  0.301E-01    36093    82.62  0.323
    83  -3.583  0.301E-01    36093    82.62  0.323
    84  -3.616  0.301E-01    36093    82.62  0.323
    85  -3.650  0.301E-01    36093    82.62  0.323
    86  -3.496  0.301E-01    36093    82.62  0.323
    87  -3.643  0.301E-01    36093    82.62  0.323
    88  -3.689  0.301E-01    36093    82.62  0.323
    89  -3.721  0.301E-01    36093    82.62  0.323
    90  -3.553  0.301E-01    36093    82.62  0.323
    91  -3.706  0.301E-01    36093    82.62  0.323
    92  -3.761  0.301E-01    36093    82.62  0.323
    93  -3.793  0.301E-01    36093    82.62  0.323
    94  -3.619  0.301E-01    36093    82.62  0.323
    95  -3.773  0.301E-01    36093    82.62  0.323
    96  -3.832  0.301E-01    36093    82.62  0.323
    97  -3.865  0.301E-01    36093    82.62  0.323
    98  -3.691  0.301E-01    36093    82.62  0.323
    99  -3.845  0.301E-01    36093    82.62  0.323
   100  -3.902  0.301E-01    36093    82.62  0.323
   101  -3.936  0.301E-01    36093    82.62  0.323
   102  -3.763  0.301E-01    36093    82.62  0.323
   103  -3.915  0.301E-01    36093    82.62  0.323
   104  -3.972  0.301E-01    36093    82.62  0.323
   105  -4.006  0.301E-01    36093    82.62  0.323
   106  -3.836  0.301E-01    36093    82.62  0.323
   107  -3.986  0.301E-01    36093    82.62  0.323
   108  -4.041  0.301E-01    36093    82.62  0.323
   109  -4.076  0.301E-01    36093    82.62  0.323
   110  -3.916  0.301E-01    36093    82.62  0.323
   111  -4.060  0.301E-01    36093    82.62  0.323
   112  -4.106  0.301E-01    36093    82.62  0.323
   113  -4.143  0.301E-01    36093    82.62  0.323
   114  -3.998  0.301E-01    36093    82.62  0.323
   115  -4.135  0.301E-01    36093    82.62  0.323
   116  -4.170  0.301E-01    36093    82.62  0.323
   117  -4.207  0.301E-01    36093    82.62  0.323
   118  -4.067  0.301E-01    36093    82.62  0.323
   119  -4.204  0.301E-01    36093    82.62  0.323
   120  -4.234  0.301E-01    36093    82.62  0.323
   121  -4.270  0.301E-01    36093    82.62  0.323
   122  -4.123  0.301E-01    36093    82.62  0.323
   123  -4.265  0.301E-01    36093    82.62  0.323
   124  -4.298  0.301E-01    36093    82.62  0.323
   125  -4.334  0.301E-01    36093    82.62  0.323
   126  -4.176  0.301E-01    36093    82.62  0.323
   127  -4.321  0.301E-01    36093    82.62  0.323
   128  -4.361  0.301E-01    36093    82.62  0.323
   129  -4.397  0.301E-01    36093    82.62  0.323
   130  -4.236  0.301E-01    36093    82.62  0.323
   131  -4.380  0.301E-01    36093    82.62  0.323
   132  -4.423  0.301E-01    36093    82.62  0.323
   133  -4.459  0.301E-01    36093    82.62  0.323
   134  -4.303  0.301E-01    36093    82.62  0.323
   135  -4.444  0.301E-01    36093    82.62  0.323
   136  -4.485  0.301E-01    36093    82.62  0.323
   137  -4.520  0.301E-01    36093    82.62  0.323
   138  -4.369  0.301E-01    36093    82.62  0.323
   139  -4.508  0.301E-01    36093    82.62  0.323
   140  -4.548  0.301E-01    36093    82.62  0.323
 ! Iterations:    140     Final Criterion:  0.000028
rms of I radiance residuals:   0.17188
Approximate total CPU time used (sec)    798.36
  47.47   1.307 0.323 1.147  Actual MAX_TOTAL_MB, ADAPT_GRID_FACTOR, NUM_SH_TERM_FACTOR, CELL_TO_POINT_RATIO
798.25user 0.14system 13:18.36elapsed 100%CPU (0avgtext+0avgdata 434640maxresident)k
0inputs+4248outputs (0major+27274minor)pagefaults 0swaps
