
 Name of this SHDOMADJ run:
radobs_les0822nh15t13y89_ocaer1_w0.646_ns1ss1                                   
 Input particle properties filename (or NONE for Rayleigh only)
les0822nh15t13y89_ocaer1.part                                                   
 Number of input scattering tables
            2
 Name of each scattering table
water_w0.646.scat                                                       
aero_oc_w0.646.scat                                                     
 Index or type of each scattering table
  1  2
 Polarization flag (T or F) for each scattering table
 T T
 Wavelength for Rayleigh molecular scattering (micron)
   0.6460000000000000     
 Surface pressure for Rayleigh molecular scattering (mb or hPa)
    1010.000000000000     
 Number of extra Z levels
   0
 Surface properties file name (or NONE)
 NONE                                                                            
 Correlated k-distribution file name (or NONE)
 NONE                                                                            
 Number of Stokes parameters (1, 3, or 4; 1=unpolarized)
            1
 Number of discrete ordinates in mu and phi
           16           32
 Independent pixel approximation (0,1,2,3)
            0
 Delta-M method (T,F)
  T
 Thermal, solar, or both source (T, S, B)
 S
 Solar flux and direction (F, mu, phi[deg])
    1.000000000000000       -0.9221000000000000         339.4000000000000     
 Isotropic sky radiance
    0.000000000000000     
 Ground albedo
   5.0000000000000003E-002
 Wavelength (micron)
   0.6460000000000000     
 Cell splitting and spherical harmonic series accuracy
   2.9999999999999999E-002   3.0000000000000001E-003
 Acceleration flag (T or F), solution accuracy, and max iterations
  T   3.0000000000000001E-005            0
 Radiance grid output Z level, number in X and Y
    15.00000000000000               320            1
 Number of radiance directions output
            3
 Radiance mu, phi[deg] pairs
   0.8660300000000000         180.0000000000000     
    1.000000000000000         0.000000000000000     
   0.8660300000000000         0.000000000000000     
 Radiance output file name
radobs_les0822nh15t13y89_ocaer1_w0.646_ns1ss1.arad                              
 Observed radiance input file name (or NONE)
radobs_les0822nh15t13y89_ocaer1_w0.646_ns1z3.arad                               
 Observed radiance uncertainty (sigma)
   2.9999999999999999E-002
 Adjoint output file name
radobs_les0822nh15t13y89_ocaer1_w0.646_ns1ss1.adj                               
 Approximate maximum memory to use (MB for 4 byte reals)
    2000.000000000000     
 Ratio of total grid points to base grid points (>=1.0)
    5.000000000000000     
 Ratio of average number of spherical harmonic terms to total possible (<=1.0)
   0.9500000000000000     
 Ratio of number of grid cells to grid points (1.0 to 2.0)
    1.500000000000000     

 Rayleigh total atmosphere optical depth:    5.0269465934799501E-002
 Starting solution iterations for SHDOM run: 
 radobs_les0822nh15t13y89_ocaer1_w0.646_ns1ss1
rms of I radiance residuals:   0.43786
 Finite differencing IX=            1
 Finite differencing IX=           41
 Finite differencing IX=           81
 Finite differencing IX=          121
 Finite differencing IX=          161
 Finite differencing IX=          201
 Finite differencing IX=          241
 Finite differencing IX=          281
    X      Z   Extinct FDextinct ADextinct  FDssalb   ADssab    FDsscatI  ADsscatI  FDsscatQ  ADsscatQ  FDsscatU  ADsscatU     
  0.000  0.000   0.070  -0.00001  -0.00001  0.000001  0.000001  0.000025  0.000025
  0.000  0.010   0.070  -0.00003  -0.00003  0.000005  0.000005  0.000081  0.000081
  0.000  0.032   0.070  -0.00004  -0.00004  0.000007  0.000007  0.000111  0.000111
  0.000  0.057   0.069  -0.00005  -0.00005  0.000008  0.000008  0.000113  0.000113
  0.000  0.088   0.069  -0.00007  -0.00007  0.000011  0.000011  0.000180  0.000180
  0.000  0.125   0.068  -0.00010  -0.00010  0.000015  0.000015  0.000301  0.000301
  0.000  0.165   0.067  -0.00011  -0.00011  0.000021  0.000021  0.000466  0.000466
  0.000  0.205   0.067  -0.00018  -0.00018  0.000030  0.000030  0.000762  0.000762
  0.000  0.245   0.066  -0.00026  -0.00026  0.000043  0.000043  0.001200  0.001200
  0.000  0.285   0.065  -0.00022  -0.00022  0.000059  0.000059  0.001716  0.001716
  0.000  0.325   0.064  -0.00014  -0.00014  0.000074  0.000074  0.002134  0.002134
  0.000  0.365   0.064  -0.00014  -0.00014  0.000086  0.000086  0.002457  0.002457
  0.000  0.405   0.063  -0.00009  -0.00009  0.000099  0.000099  0.002855  0.002855
  0.000  0.445   0.062  -0.00002  -0.00002  0.000115  0.000115  0.003374  0.003374
  0.000  0.485   0.062  -0.00005  -0.00005  0.000125  0.000125  0.003715  0.003715
  0.000  0.525   0.061  -0.00005  -0.00005  0.000139  0.000139  0.004198  0.004198
  0.000  0.565   0.060   0.00001   0.00001  0.000158  0.000158  0.004894  0.004894
  0.000  0.605   0.059   0.00003   0.00003  0.000174  0.000174  0.005481  0.005481
  0.000  0.645   0.059   0.00064   0.00064  0.000233  0.000233  0.007711  0.007711
  0.000  0.685   0.058   0.00115   0.00115  0.000297  0.000297  0.010090  0.010090
  0.000  0.725   0.057   0.00160   0.00160  0.000348  0.000348  0.011998  0.011998
  0.000  0.765   0.057   0.00313   0.00313  0.000449  0.000449  0.015763  0.015763
  0.000  0.805   0.056   0.00472   0.00472  0.000549  0.000549  0.019438  0.019438
  0.000  0.845   0.055   0.00475   0.00475  0.000551  0.000551  0.019450  0.019450
  0.000  0.885   0.055   0.00427   0.00427  0.000513  0.000513  0.017979  0.017979
  0.000  0.925   0.054   0.00357   0.00357  0.000465  0.000465  0.016162  0.016162
  0.000  0.965   0.053   0.00267   0.00267  0.000404  0.000404  0.013996  0.013996
  0.000  1.005   0.052   0.00179   0.00179  0.000320  0.000320  0.010992  0.010992
  0.000  1.045   0.052   0.00091   0.00091  0.000236  0.000236  0.008067  0.008067
  0.000  1.085   0.051   0.00037   0.00037  0.000173  0.000173  0.005907  0.005907
  0.000  1.125   0.050   0.00011   0.00011  0.000132  0.000132  0.004476  0.004476
  0.000  1.165   0.050  -0.00014  -0.00014  0.000099  0.000099  0.003337  0.003337
  0.000  1.205   0.049  -0.00042  -0.00042  0.000067  0.000067  0.002221  0.002221
  0.000  1.245   0.048  -0.00058  -0.00058  0.000042  0.000042  0.001355  0.001355
  0.000  1.285   0.048  -0.00061  -0.00061  0.000026  0.000026  0.000821  0.000821
  0.000  1.325   0.047  -0.00065  -0.00065  0.000015  0.000015  0.000444  0.000444
  0.000  1.365   0.046  -0.00061  -0.00061  0.000009  0.000009  0.000248  0.000248
  0.000  1.405   0.046  -0.00051  -0.00051  0.000007  0.000007  0.000172  0.000172
  0.000  1.445   0.045  -0.00044  -0.00044  0.000005  0.000005  0.000107  0.000107
  0.000  1.485   0.044  -0.00042  -0.00042  0.000004  0.000004  0.000074  0.000074
  0.000  1.525   6.331  -0.00026  -0.00026  0.001453  0.001453  0.011993  0.011993
  0.000  1.565  20.798  -0.00023  -0.00023  0.006042  0.006042  0.064990  0.064990
  0.000  1.605  30.529  -0.00026  -0.00026  0.017429  0.017429  0.325657  0.325657
  0.000  1.645  32.122  -0.00043  -0.00043  0.062453  0.062453  1.594797  1.594797
  0.000  1.686  27.786  -0.00053  -0.00053  0.184585  0.184585  5.457382  5.457382
  0.000  1.722   7.103   0.00142   0.00142  0.093610  0.093610  2.662625  2.662625
  0.000  1.753   0.040   0.00501   0.00501  0.000664  0.000664  0.013813  0.013813
  0.000  1.778   0.039   0.00449   0.00449  0.000547  0.000547  0.011317  0.011317
  0.000  1.799   0.039   0.00415   0.00415  0.000474  0.000474  0.009757  0.009757
  0.000  1.819   0.039   0.00418   0.00418  0.000451  0.000451  0.009196  0.009196
  0.000  1.839   0.038   0.00436   0.00436  0.000446  0.000446  0.008988  0.008988
  0.000  1.859   0.038   0.00452   0.00452  0.000437  0.000437  0.008731  0.008731
  0.000  1.879   0.038   0.00464   0.00464  0.000429  0.000429  0.008491  0.008491
  0.000  1.899   0.037   0.00466   0.00466  0.000421  0.000421  0.008242  0.008242
  0.000  1.919   0.037   0.00470   0.00470  0.000414  0.000414  0.007998  0.007998
  0.000  1.939   0.037   0.00475   0.00475  0.000407  0.000407  0.007748  0.007748
  0.000  1.959   0.036   0.00481   0.00481  0.000401  0.000401  0.007507  0.007507
  0.000  1.979   0.036   0.00490   0.00490  0.000394  0.000394  0.007272  0.007272
  0.000  1.999   0.035   0.00498   0.00498  0.000386  0.000386  0.007001  0.007001
  0.000  2.019   0.035   0.00502   0.00502  0.000379  0.000379  0.006763  0.006763
  0.000  2.039   0.035   0.00533   0.00533  0.000386  0.000386  0.006680  0.006680
  0.000  2.060   0.035   0.00619   0.00619  0.000433  0.000433  0.007268  0.007268
  0.000  2.085   0.035   0.00753   0.00753  0.000511  0.000511  0.008267  0.008267
  0.000  2.116   7.548   0.00269   0.00269  0.096058  0.096058  2.421359  2.421359
  0.000  2.153   2.166   0.00807   0.00807  0.049806  0.049806  0.959019  0.959019
  0.000  2.193   0.034   0.01468   0.01468  0.001077  0.001077  0.014527  0.014527
  0.000  2.233   2.880   0.00694   0.00694  0.075139  0.075139  1.556807  1.556807
  0.000  2.273   0.033   0.01516   0.01516  0.001266  0.001266  0.017414  0.017414
  0.000  2.313   0.033   0.01479   0.01479  0.001310  0.001310  0.019117  0.019117
  0.000  2.353   0.032   0.01384   0.01384  0.001302  0.001302  0.019089  0.019089
  0.000  2.393   0.032   0.01369   0.01369  0.001277  0.001277  0.018550  0.018550
  0.000  2.433   0.032   0.01435   0.01435  0.001254  0.001254  0.018026  0.018026
  0.000  2.473   0.031   0.01513   0.01513  0.001234  0.001234  0.017461  0.017461
  0.000  2.513   0.031   0.01568   0.01568  0.001210  0.001210  0.016718  0.016718
  0.000  2.553   0.031   0.01625   0.01625  0.001189  0.001189  0.016090  0.016090
  0.000  2.593   0.030   0.01738   0.01738  0.001190  0.001190  0.015953  0.015953
  0.000  2.633   0.030   0.01854   0.01854  0.001192  0.001192  0.015816  0.015816
  0.000  2.673   0.029   0.01931   0.01931  0.001189  0.001189  0.015641  0.015641
  0.000  2.713   0.029   0.01914   0.01914  0.001180  0.001180  0.015349  0.015349
  0.000  2.753   0.029   0.01916   0.01916  0.001172  0.001172  0.015056  0.015056
  0.000  2.793   0.028   0.29280   0.29280  0.018793  0.018793  0.245885  0.245885
  0.000  4.000   0.018   1.11947   1.11947  0.042883  0.042883  0.554364  0.554364
  0.000  6.000   0.011   2.04891   2.04891  0.041939  0.041939  0.443700  0.443700
  0.000  8.000   0.005   9.28452   9.28452  0.072127  0.072127  0.479430  0.479430
  0.000 15.000   0.001  16.02494  16.02494  0.021535  0.021535  0.070929  0.070929
  2.500  0.000   0.070  -0.00145  -0.00145  0.000268  0.000268  0.003729  0.003729
  2.500  0.010   0.070  -0.00480  -0.00480  0.000895  0.000895  0.012602  0.012602
  2.500  0.032   0.070  -0.00724  -0.00724  0.001382  0.001382  0.019992  0.019992
  2.500  0.057   0.069  -0.00845  -0.00845  0.001655  0.001655  0.024715  0.024715
  2.500  0.088   0.069  -0.01010  -0.01010  0.001992  0.001992  0.030523  0.030523
  2.500  0.125   0.068  -0.01161  -0.01161  0.002322  0.002322  0.036787  0.036787
  2.500  0.165   0.067  -0.01199  -0.01199  0.002454  0.002454  0.040255  0.040255
  2.500  0.205   0.067  -0.01188  -0.01188  0.002414  0.002414  0.039955  0.039955
  2.500  0.245   0.066  -0.01183  -0.01183  0.002381  0.002381  0.039781  0.039781
  2.500  0.285   0.065  -0.01174  -0.01174  0.002357  0.002357  0.039567  0.039567
  2.500  0.325   0.064  -0.01133  -0.01133  0.002344  0.002344  0.038704  0.038704
  2.500  0.365   0.064  -0.01090  -0.01090  0.002332  0.002332  0.037861  0.037861
  2.500  0.405   0.063  -0.01045  -0.01045  0.002317  0.002317  0.037077  0.037077
  2.500  0.445   0.062  -0.00967  -0.00967  0.002292  0.002292  0.035787  0.035787
  2.500  0.485   0.062  -0.00868  -0.00868  0.002267  0.002267  0.034549  0.034549
  2.500  0.525   0.061  -0.00776  -0.00776  0.002213  0.002213  0.033607  0.033607
  2.500  0.565   0.060  -0.00782  -0.00782  0.002077  0.002077  0.031572  0.031572
  2.500  0.605   0.059  -0.00809  -0.00809  0.001942  0.001942  0.029537  0.029537
  2.500  0.645   0.059  -0.00857  -0.00857  0.001836  0.001836  0.028561  0.028561
  2.500  0.685   0.058  -0.00880  -0.00880  0.001749  0.001749  0.027877  0.027877
  2.500  0.725   0.057  -0.00839  -0.00839  0.001715  0.001715  0.027803  0.027803
  2.500  0.765   0.057  -0.00852  -0.00852  0.001695  0.001695  0.028407  0.028407
  2.500  0.805   0.056  -0.00901  -0.00901  0.001675  0.001675  0.028945  0.028945
  2.500  0.845   0.055  -0.00969  -0.00969  0.001661  0.001661  0.029028  0.029028
  2.500  0.885   0.055  -0.00959  -0.00959  0.001682  0.001682  0.029704  0.029704
  2.500  0.925   0.054  -0.00895  -0.00895  0.001712  0.001712  0.030536  0.030536
  2.500  0.965   0.053  -0.00823  -0.00823  0.001741  0.001741  0.030912  0.030912
  2.500  1.005   0.052  -0.00785  -0.00785  0.001767  0.001767  0.031214  0.031214
  2.500  1.045   0.052  -0.00735  -0.00735  0.001798  0.001798  0.031646  0.031646
  2.500  1.085   0.051  -0.00632  -0.00632  0.001830  0.001830  0.032198  0.032198
  2.500  1.125   0.050  -0.00486  -0.00486  0.001861  0.001861  0.032757  0.032757
  2.500  1.165   0.050  -0.00326  -0.00326  0.001867  0.001867  0.032481  0.032481
  2.500  1.205   0.049  -0.00274  -0.00274  0.001801  0.001801  0.030449  0.030449
  2.500  1.245   0.048  -0.00285  -0.00285  0.001733  0.001733  0.028443  0.028443
  2.500  1.285   0.048  -0.00260  -0.00260  0.001708  0.001708  0.027840  0.027840
  2.500  1.325   0.047  -0.00223  -0.00223  0.001684  0.001684  0.027312  0.027312
  2.500  1.365   0.046  -0.00179  -0.00179  0.001666  0.001666  0.026969  0.026969
  2.500  1.405   0.046  -0.00094  -0.00094  0.001689  0.001689  0.027989  0.027989
  2.500  1.445   0.045  -0.00019  -0.00019  0.001714  0.001714  0.029058  0.029058
  2.500  1.485   0.044   0.00018   0.00018  0.001723  0.001723  0.029486  0.029486
  2.500  1.525   0.044   0.00056   0.00056  0.001732  0.001732  0.029901  0.029901
  2.500  1.565   0.043   0.00095   0.00095  0.001740  0.001740  0.030272  0.030272
  2.500  1.605   0.042   0.00123   0.00123  0.001730  0.001730  0.030011  0.030011
  2.500  1.645   0.041   0.00157   0.00157  0.001728  0.001728  0.029825  0.029825
  2.500  1.686   0.041   0.00185   0.00185  0.001644  0.001644  0.028232  0.028232
  2.500  1.722   0.040   0.00187   0.00187  0.001419  0.001419  0.024256  0.024256
  2.500  1.753   0.040   0.00175   0.00175  0.001173  0.001173  0.019972  0.019972
  2.500  1.778   0.039   0.00161   0.00161  0.000974  0.000974  0.016531  0.016531
  2.500  1.799   0.039   0.00153   0.00153  0.000853  0.000853  0.014433  0.014433
  2.500  1.819   0.039   0.00158   0.00158  0.000825  0.000825  0.013913  0.013913
  2.500  1.839   0.038   0.00169   0.00169  0.000825  0.000825  0.013874  0.013874
  2.500  1.859   0.038   0.00180   0.00180  0.000821  0.000821  0.013754  0.013754
  2.500  1.879   0.038   0.00190   0.00190  0.000817  0.000817  0.013656  0.013656
  2.500  1.899   0.037   0.00201   0.00201  0.000814  0.000814  0.013546  0.013546
  2.500  1.919   0.037   0.00212   0.00212  0.000793  0.000793  0.012881  0.012881
  2.500  1.939   0.037   0.00218   0.00218  0.000769  0.000769  0.012117  0.012117
  2.500  1.959   0.036   0.00225   0.00225  0.000746  0.000746  0.011382  0.011382
  2.500  1.979   0.036   0.00231   0.00231  0.000722  0.000722  0.010657  0.010657
  2.500  1.999   0.035   0.00238   0.00238  0.000697  0.000697  0.009852  0.009852
  2.500  2.019   0.035   0.00232   0.00232  0.000677  0.000677  0.009303  0.009303
  2.500  2.039   0.035   0.00218   0.00218  0.000674  0.000674  0.008840  0.008840
  2.500  2.060   0.035   0.00225   0.00225  0.000741  0.000741  0.009247  0.009247
  2.500  2.085   0.035   0.00233   0.00233  0.000850  0.000850  0.009931  0.009931
  2.500  2.116   0.034   0.00224   0.00224  0.000969  0.000969  0.010268  0.010268
  2.500  2.153   0.034   0.00258   0.00258  0.001113  0.001113  0.011859  0.011859
  2.500  2.193   0.034   0.00273   0.00273  0.001162  0.001162  0.012505  0.012505
  2.500  2.233   0.033   0.00325   0.00325  0.001161  0.001161  0.012710  0.012710
  2.500  2.273   0.033   0.00563   0.00563  0.001226  0.001226  0.014852  0.014852
  2.500  2.313   0.033   0.00827   0.00827  0.001293  0.001293  0.017061  0.017061
  2.500  2.353   0.032   0.01042   0.01042  0.001313  0.001313  0.017736  0.017736
  2.500  2.393   0.032   0.01180   0.01180  0.001304  0.001304  0.017533  0.017533
  2.500  2.433   0.032   0.01198   0.01198  0.001294  0.001294  0.017332  0.017332
  2.500  2.473   0.031   0.01193   0.01193  0.001279  0.001279  0.016940  0.016940
  2.500  2.513   0.031   0.01184   0.01184  0.001259  0.001259  0.016410  0.016410
  2.500  2.553   0.031   0.01167   0.01167  0.001241  0.001241  0.015976  0.015976
  2.500  2.593   0.030   0.01154   0.01154  0.001258  0.001258  0.016588  0.016588
  2.500  2.633   0.030   0.01140   0.01140  0.001277  0.001277  0.017248  0.017248
  2.500  2.673   0.029   0.01114   0.01114  0.001277  0.001277  0.017302  0.017302
  2.500  2.713   0.029   0.01084   0.01084  0.001248  0.001248  0.016365  0.016365
  2.500  2.753   0.029   0.01083   0.01083  0.001218  0.001218  0.015437  0.015437
  2.500  2.793   0.028   0.17463   0.17463  0.022760  0.022760  0.337792  0.337792
  2.500  4.000   0.018   0.87586   0.87586  0.048460  0.048460  0.612745  0.612745
  2.500  6.000   0.011   1.74001   1.74001  0.045131  0.045131  0.466419  0.466419
  2.500  8.000   0.005   7.38290   7.38290  0.063415  0.063415  0.381025  0.381025
  2.500 15.000   0.001  14.79615  14.79615  0.020729  0.020729  0.076545  0.076545
  5.000  0.000   0.070  -0.00091  -0.00091  0.000214  0.000214  0.004860  0.004860
  5.000  0.010   0.070  -0.00300  -0.00300  0.000708  0.000708  0.016098  0.016098
  5.000  0.032   0.070  -0.00454  -0.00454  0.001076  0.001076  0.024421  0.024421
  5.000  0.057   0.069  -0.00530  -0.00530  0.001264  0.001264  0.028624  0.028624
  5.000  0.088   0.069  -0.00627  -0.00627  0.001507  0.001507  0.034011  0.034011
  5.000  0.125   0.068  -0.00714  -0.00714  0.001736  0.001736  0.038983  0.038983
  5.000  0.165   0.067  -0.00735  -0.00735  0.001811  0.001811  0.040456  0.040456
  5.000  0.205   0.067  -0.00721  -0.00721  0.001804  0.001804  0.040018  0.040018
  5.000  0.245   0.066  -0.00711  -0.00711  0.001810  0.001810  0.039806  0.039806
  5.000  0.285   0.065  -0.00702  -0.00702  0.001813  0.001813  0.039634  0.039634
  5.000  0.325   0.064  -0.00693  -0.00693  0.001811  0.001811  0.039401  0.039401
  5.000  0.365   0.064  -0.00686  -0.00686  0.001810  0.001810  0.039208  0.039208
  5.000  0.405   0.063  -0.00678  -0.00678  0.001805  0.001805  0.038990  0.038990
  5.000  0.445   0.062  -0.00672  -0.00672  0.001798  0.001798  0.038767  0.038767
  5.000  0.485   0.062  -0.00666  -0.00666  0.001790  0.001790  0.038546  0.038546
  5.000  0.525   0.061  -0.00656  -0.00656  0.001785  0.001785  0.038302  0.038302
  5.000  0.565   0.060  -0.00647  -0.00647  0.001780  0.001780  0.038062  0.038062
  5.000  0.605   0.059  -0.00637  -0.00637  0.001775  0.001775  0.037817  0.037817
  5.000  0.645   0.059  -0.00626  -0.00626  0.001771  0.001771  0.037566  0.037566
  5.000  0.685   0.058  -0.00614  -0.00614  0.001767  0.001767  0.037318  0.037318
  5.000  0.725   0.057  -0.00601  -0.00601  0.001761  0.001761  0.037027  0.037027
  5.000  0.765   0.057  -0.00588  -0.00588  0.001758  0.001758  0.036781  0.036781
  5.000  0.805   0.056  -0.00573  -0.00573  0.001753  0.001753  0.036489  0.036489
  5.000  0.845   0.055  -0.00560  -0.00560  0.001750  0.001750  0.036240  0.036240
  5.000  0.885   0.055  -0.00543  -0.00543  0.001750  0.001750  0.035950  0.035950
  5.000  0.925   0.054  -0.00526  -0.00526  0.001749  0.001749  0.035671  0.035671
  5.000  0.965   0.053  -0.00503  -0.00503  0.001759  0.001759  0.035379  0.035379
  5.000  1.005   0.052  -0.00478  -0.00478  0.001772  0.001772  0.035075  0.035075
  5.000  1.045   0.052  -0.00453  -0.00453  0.001784  0.001784  0.034780  0.034780
  5.000  1.085   0.051  -0.00408  -0.00408  0.001828  0.001828  0.034466  0.034466
  5.000  1.125   0.050  -0.00362  -0.00362  0.001873  0.001873  0.034154  0.034154
  5.000  1.165   0.050  -0.00314  -0.00314  0.001917  0.001917  0.033845  0.033845
  5.000  1.205   0.049  -0.00234  -0.00234  0.002009  0.002009  0.033515  0.033515
  5.000  1.245   0.048  -0.00156  -0.00156  0.002094  0.002094  0.033194  0.033194
  5.000  1.285   0.048  -0.00105  -0.00105  0.002129  0.002129  0.032852  0.032852
  5.000  1.325   0.047  -0.00046  -0.00046  0.002173  0.002173  0.032500  0.032500
  5.000  1.365   0.046   0.00002   0.00002  0.002201  0.002201  0.032180  0.032180
  5.000  1.405   0.046   0.00027   0.00027  0.002186  0.002186  0.031833  0.031833
  5.000  1.445   0.045   0.00061   0.00061  0.002171  0.002171  0.031481  0.031481
  5.000  1.485   0.044   0.00118   0.00118  0.002146  0.002146  0.031126  0.031126
  5.000  1.525   0.044   0.00203   0.00203  0.002094  0.002094  0.030766  0.030766
  5.000  1.565   0.043   0.00289   0.00289  0.002043  0.002043  0.030395  0.030395
  5.000  1.605   0.042   0.00364   0.00364  0.001985  0.001985  0.030012  0.030012
  5.000  1.645   0.041   0.00461   0.00461  0.001915  0.001915  0.029825  0.029825
  5.000  1.686   0.041   0.00533   0.00533  0.001765  0.001765  0.028232  0.028232
  5.000  1.722   0.040   0.00507   0.00507  0.001497  0.001497  0.024256  0.024256
  5.000  1.753   0.040   0.00453   0.00453  0.001220  0.001220  0.019972  0.019972
  5.000  1.778   0.039   0.00398   0.00398  0.001000  0.001000  0.016531  0.016531
  5.000  1.799   0.039   0.00368   0.00368  0.000871  0.000871  0.014435  0.014435
  5.000  1.819   0.039   0.00376   0.00376  0.000841  0.000841  0.013927  0.013927
  5.000  1.839   0.038   0.00397   0.00397  0.000840  0.000840  0.013899  0.013899
  5.000  1.859   0.038   0.00418   0.00418  0.000835  0.000835  0.013790  0.013790
  5.000  1.879   0.038   0.00437   0.00437  0.000831  0.000831  0.013702  0.013702
  5.000  1.899   0.037   0.00457   0.00457  0.000826  0.000826  0.013603  0.013603
  5.000  1.919   0.037   0.00475   0.00475  0.000822  0.000822  0.013492  0.013492
  5.000  1.939   0.037   0.00486   0.00486  0.000819  0.000819  0.013403  0.013403
  5.000  1.959   0.036   0.00499   0.00499  0.000815  0.000815  0.013303  0.013303
  5.000  1.979   0.036   0.00511   0.00511  0.000811  0.000811  0.013202  0.013202
  5.000  1.999   0.035   0.00525   0.00525  0.000807  0.000807  0.013088  0.013088
  5.000  2.019   0.035   0.00531   0.00531  0.000802  0.000802  0.012980  0.012980
  5.000  2.039   0.035   0.00556   0.00556  0.000824  0.000824  0.013325  0.013325
  5.000  2.060   0.035   0.00642   0.00642  0.000934  0.000934  0.015088  0.015088
  5.000  2.085   0.035   0.00783   0.00783  0.001116  0.001116  0.017983  0.017983
  5.000  2.116   0.034   0.00961   0.00961  0.001337  0.001337  0.021506  0.021506
  5.000  2.153   0.034   0.01144   0.01144  0.001539  0.001539  0.024578  0.024578
  5.000  2.193   0.034   0.01240   0.01240  0.001608  0.001608  0.025434  0.025434
  5.000  2.233   0.033   0.01276   0.01276  0.001604  0.001604  0.025084  0.025084
  5.000  2.273   0.033   0.01348   0.01348  0.001664  0.001664  0.024889  0.024889
  5.000  2.313   0.033   0.01423   0.01423  0.001726  0.001726  0.024691  0.024691
  5.000  2.353   0.032   0.01460   0.01460  0.001753  0.001753  0.024495  0.024495
  5.000  2.393   0.032   0.01471   0.01471  0.001776  0.001776  0.024294  0.024294
  5.000  2.433   0.032   0.01484   0.01484  0.001797  0.001797  0.024091  0.024091
  5.000  2.473   0.031   0.01511   0.01511  0.001761  0.001761  0.023749  0.023749
  5.000  2.513   0.031   0.01541   0.01541  0.001702  0.001702  0.023323  0.023323
  5.000  2.553   0.031   0.01568   0.01568  0.001651  0.001651  0.022915  0.022915
  5.000  2.593   0.030   0.01575   0.01575  0.001593  0.001593  0.021984  0.021984
  5.000  2.633   0.030   0.01581   0.01581  0.001532  0.001532  0.021004  0.021004
  5.000  2.673   0.029   0.01587   0.01587  0.001484  0.001484  0.020122  0.020122
  5.000  2.713   0.029   0.01570   0.01570  0.001411  0.001411  0.018469  0.018469
  5.000  2.753   0.029   0.01554   0.01554  0.001339  0.001339  0.016838  0.016838
  5.000  2.793   0.028   0.20665   0.20665  0.019244  0.019244  0.200518  0.200518
  5.000  4.000   0.018   1.02063   1.02063  0.047958  0.047958  0.436663  0.436663
  5.000  6.000   0.011   1.74305   1.74305  0.040229  0.040229  0.342797  0.342797
  5.000  8.000   0.005   8.32753   8.32753  0.068575  0.068575  0.457894  0.457894
  5.000 15.000   0.001  15.53560  15.53560  0.021386  0.021386  0.090833  0.090833
  7.500  0.000   0.070   0.00000   0.00000  0.000000  0.000000  0.000008  0.000008
  7.500  0.010   0.070   0.00000   0.00000  0.000001  0.000001  0.000023  0.000023
  7.500  0.032   0.070   0.00000   0.00000  0.000001  0.000001  0.000031  0.000031
  7.500  0.057   0.069   0.00000   0.00000  0.000001  0.000001  0.000031  0.000031
  7.500  0.088   0.069   0.00000   0.00000  0.000001  0.000001  0.000028  0.000028
  7.500  0.125   0.068   0.00000   0.00000  0.000001  0.000001  0.000021  0.000021
  7.500  0.165   0.067   0.00000   0.00000  0.000000  0.000000  0.000013  0.000013
  7.500  0.205   0.067   0.00000   0.00000  0.000000  0.000000  0.000008  0.000008
  7.500  0.245   0.066   0.00000   0.00000  0.000000  0.000000  0.000004  0.000004
  7.500  0.285   0.065   0.00000   0.00000  0.000000  0.000000  0.000002  0.000002
  7.500  0.325   0.064   0.00000   0.00000  0.000000  0.000000  0.000001  0.000001
  7.500  0.365   0.064   0.00000   0.00000  0.000000  0.000000  0.000001  0.000001
  7.500  0.405   0.063   0.00000   0.00000  0.000000  0.000000  0.000000  0.000000
  7.500  0.445   0.062   0.00000   0.00000  0.000000  0.000000  0.000000  0.000000
  7.500  0.485   0.062   0.00000   0.00000  0.000000  0.000000  0.000000  0.000000
  7.500  0.525   0.061   0.00000   0.00000  0.000000  0.000000  0.000000  0.000000
  7.500  0.565   0.060   0.00000   0.00000  0.000000  0.000000  0.000000  0.000000
  7.500  0.605   0.059   0.00000   0.00000  0.000000  0.000000  0.000000  0.000000
  7.500  0.645   0.059   0.00000   0.00000  0.000000  0.000000  0.000000  0.000000
  7.500  0.685   0.058   0.00000   0.00000  0.000000  0.000000  0.000000  0.000000
  7.500  0.725   0.057   0.00000   0.00000  0.000000  0.000000  0.000000  0.000000
  7.500  0.765   0.057   0.00000   0.00000  0.000000  0.000000  0.000000  0.000000
  7.500  0.805   0.056   0.00000   0.00000  0.000000  0.000000  0.000000  0.000000
  7.500  0.845   0.055   0.00000   0.00000  0.000000  0.000000  0.000000  0.000000
  7.500  0.885   0.055   0.00000   0.00000  0.000000  0.000000  0.000000  0.000000
  7.500  0.925   0.054   0.00000   0.00000  0.000000  0.000000  0.000000  0.000000
  7.500  0.965   0.053   0.00000   0.00000  0.000000  0.000000  0.000000  0.000000
  7.500  1.005   0.052   0.00000   0.00000  0.000000  0.000000  0.000000  0.000000
  7.500  1.045   0.052   0.00000   0.00000  0.000000  0.000000  0.000000  0.000000
  7.500  1.085   0.051   0.00000   0.00000  0.000000  0.000000  0.000000  0.000000
  7.500  1.125   0.050   0.00000   0.00000  0.000000  0.000000  0.000000  0.000000
  7.500  1.165   0.050   0.00000   0.00000  0.000000  0.000000  0.000000  0.000000
  7.500  1.205   0.049   0.00000   0.00000  0.000000  0.000000  0.000000  0.000000
  7.500  1.245   0.048   0.00000   0.00000  0.000000  0.000000  0.000000  0.000000
  7.500  1.285   0.048   0.00000   0.00000  0.000000  0.000000  0.000000  0.000000
  7.500  1.325   0.047   0.00000   0.00000  0.000000  0.000000  0.000000  0.000000
  7.500  1.365   0.046   0.00000   0.00000  0.000000  0.000000  0.000000  0.000000
  7.500  1.405   0.046   0.00000   0.00000  0.000000  0.000000  0.000000  0.000000
  7.500  1.445   0.045   0.00000   0.00000  0.000000  0.000000  0.000000  0.000000
  7.500  1.485   0.044   0.00000   0.00000  0.000000  0.000000  0.000000  0.000000
  7.500  1.525   0.044   0.00000   0.00000  0.000000  0.000000  0.000000  0.000000
  7.500  1.565   0.043   0.00000   0.00000  0.000000  0.000000  0.000000  0.000000
  7.500  1.605   0.042   0.00000   0.00000  0.000000  0.000000  0.000000  0.000000
  7.500  1.645  13.922   0.00000   0.00000  0.000020  0.000020  0.000000  0.000000
  7.500  1.686  13.627   0.00000   0.00000  0.000030  0.000030  0.000000  0.000000
  7.500  1.722   0.040  -0.00001  -0.00001  0.000000  0.000000  0.000000  0.000000
  7.500  1.753   0.040  -0.00001  -0.00001  0.000000  0.000000  0.000000  0.000000
  7.500  1.778   0.039  -0.00001  -0.00001  0.000000  0.000000  0.000000  0.000000
  7.500  1.799   0.039  -0.00001  -0.00001  0.000000  0.000000  0.000000  0.000000
  7.500  1.819   0.039  -0.00001  -0.00001  0.000000  0.000000  0.000000  0.000000
  7.500  1.839   0.038  -0.00001  -0.00001  0.000000  0.000000  0.000000  0.000000
  7.500  1.859   0.038  -0.00001  -0.00001  0.000000  0.000000  0.000000  0.000000
  7.500  1.879   0.038  -0.00001  -0.00001  0.000000  0.000000  0.000001  0.000001
  7.500  1.899   0.037  -0.00001  -0.00001  0.000000  0.000000  0.000001  0.000001
  7.500  1.919   0.037  -0.00001  -0.00001  0.000000  0.000000  0.000001  0.000001
  7.500  1.939   0.037   0.00000   0.00000  0.000000  0.000000  0.000001  0.000001
  7.500  1.959   3.754   0.00000   0.00000  0.000008  0.000008  0.000087  0.000087
  7.500  1.979  11.113   0.00000   0.00000  0.000025  0.000025  0.000290  0.000290
  7.500  1.999  16.797   0.00000   0.00000  0.000037  0.000037  0.000558  0.000558
  7.500  2.019  21.602   0.00000   0.00000  0.000047  0.000047  0.000878  0.000878
  7.500  2.039  26.094   0.00000   0.00000  0.000059  0.000059  0.001293  0.001293
  7.500  2.060  31.458   0.00000   0.00000  0.000091  0.000091  0.002265  0.002265
  7.500  2.085  37.802   0.00000   0.00000  0.000174  0.000174  0.004797  0.004797
  7.500  2.116  41.296   0.00000   0.00000  0.000307  0.000307  0.011118  0.011118
  7.500  2.153  35.998  -0.00001  -0.00001  0.000622  0.000622  0.022547  0.022547
  7.500  2.193  19.576  -0.00001  -0.00001  0.000442  0.000442  0.013923  0.013923
  7.500  2.233   5.480  -0.00001  -0.00001  0.000055  0.000055  0.001344  0.001344
  7.500  2.273   8.643   0.00000   0.00000  0.000062  0.000062  0.001546  0.001546
  7.500  2.313  27.426   0.00000   0.00000  0.000187  0.000187  0.005583  0.005583
  7.500  2.353  43.808   0.00000   0.00000  0.000826  0.000826  0.026383  0.026383
  7.500  2.393  52.030  -0.00003  -0.00003  0.005827  0.005827  0.173528  0.173528
  7.500  2.433  52.951  -0.00016  -0.00016  0.038880  0.038880  1.093014  1.093014
  7.500  2.473  41.103  -0.00048  -0.00048  0.170771  0.170771  4.562814  4.562814
  7.500  2.513  18.746   0.00067   0.00067  0.252853  0.252853  6.610350  6.610350
  7.500  2.553   0.031   0.01843   0.01843  0.001133  0.001133  0.015217  0.015217
  7.500  2.593   0.030   0.01866   0.01866  0.001130  0.001130  0.014640  0.014640
  7.500  2.633   0.030   0.01948   0.01948  0.001168  0.001168  0.015858  0.015858
  7.500  2.673   0.029   0.01897   0.01897  0.001161  0.001161  0.015789  0.015789
  7.500  2.713   0.029   0.01848   0.01848  0.001130  0.001130  0.015201  0.015201
  7.500  2.753   0.029   0.01959   0.01959  0.001099  0.001099  0.014617  0.014617
  7.500  2.793   0.028   0.29912   0.29912  0.017022  0.017022  0.222949  0.222949
  7.500  4.000   0.018   1.15987   1.15987  0.040118  0.040118  0.480068  0.480068
  7.500  6.000   0.011   2.23957   2.23957  0.045016  0.045016  0.487460  0.487460
  7.500  8.000   0.005   9.23782   9.23782  0.070440  0.070440  0.523122  0.523122
  7.500 15.000   0.001  14.77270  14.77270  0.019614  0.019614  0.092468  0.092468
 10.000  0.000   0.070  -0.00052  -0.00052  0.000078  0.000078  0.000000  0.000000
 10.000  0.010   0.070  -0.00172  -0.00172  0.000259  0.000259  0.000000  0.000000
 10.000  0.032   0.070  -0.00254  -0.00254  0.000397  0.000397  0.000001  0.000001
 10.000  0.057   0.069  -0.00294  -0.00294  0.000467  0.000467  0.000001  0.000001
 10.000  0.088   0.069  -0.00345  -0.00345  0.000557  0.000557  0.000003  0.000003
 10.000  0.125   0.068  -0.00387  -0.00387  0.000642  0.000642  0.000005  0.000005
 10.000  0.165   0.067  -0.00396  -0.00396  0.000666  0.000666  0.000008  0.000008
 10.000  0.205   0.067  -0.00387  -0.00387  0.000643  0.000643  0.000029  0.000029
 10.000  0.245   0.066  -0.00380  -0.00380  0.000616  0.000616  0.000056  0.000056
 10.000  0.285   0.065  -0.00370  -0.00370  0.000604  0.000604  0.000175  0.000175
 10.000  0.325   0.064  -0.00360  -0.00360  0.000619  0.000619  0.001139  0.001139
 10.000  0.365   0.064  -0.00391  -0.00391  0.000640  0.000640  0.002205  0.002205
 10.000  0.405   0.063  -0.00414  -0.00414  0.000704  0.000704  0.004269  0.004269
 10.000  0.445   0.062  -0.00344  -0.00344  0.000888  0.000888  0.009978  0.009978
 10.000  0.485   0.062  -0.00235  -0.00235  0.001097  0.001097  0.016402  0.016402
 10.000  0.525   0.061  -0.00199  -0.00199  0.001199  0.001199  0.018729  0.018729
 10.000  0.565   0.060  -0.00170  -0.00170  0.001290  0.001290  0.020697  0.020697
 10.000  0.605   0.059  -0.00223  -0.00223  0.001326  0.001326  0.021723  0.021723
 10.000  0.645   0.059  -0.00299  -0.00299  0.001330  0.001330  0.022275  0.022275
 10.000  0.685   0.058  -0.00321  -0.00321  0.001308  0.001308  0.022412  0.022412
 10.000  0.725   0.057  -0.00374  -0.00374  0.001264  0.001264  0.022227  0.022227
 10.000  0.765   0.057  -0.00413  -0.00413  0.001273  0.001273  0.023936  0.023936
 10.000  0.805   0.056  -0.00472  -0.00472  0.001280  0.001280  0.025410  0.025410
 10.000  0.845   0.055  -0.00495  -0.00495  0.001297  0.001297  0.026089  0.026089
 10.000  0.885   0.055  -0.00497  -0.00497  0.001329  0.001329  0.026960  0.026960
 10.000  0.925   0.054  -0.00496  -0.00496  0.001361  0.001361  0.027796  0.027796
 10.000  0.965   0.053  -0.00499  -0.00499  0.001367  0.001367  0.027737  0.027737
 10.000  1.005   0.052  -0.00543  -0.00543  0.001354  0.001354  0.027273  0.027273
 10.000  1.045   0.052  -0.00563  -0.00563  0.001351  0.001351  0.026963  0.026963
 10.000  1.085   0.051  -0.00601  -0.00601  0.001316  0.001316  0.025480  0.025480
 10.000  1.125   0.050  -0.00661  -0.00661  0.001279  0.001279  0.023949  0.023949
 10.000  1.165   0.050  -0.00690  -0.00690  0.001295  0.001295  0.023920  0.023920
 10.000  1.205   0.049  -0.00673  -0.00673  0.001343  0.001343  0.024680  0.024680
 10.000  1.245   0.048  -0.00650  -0.00650  0.001392  0.001392  0.025471  0.025471
 10.000  1.285   0.048  -0.00568  -0.00568  0.001452  0.001452  0.026579  0.026579
 10.000  1.325   0.047  -0.00479  -0.00479  0.001481  0.001481  0.027170  0.027170
 10.000  1.365   0.046  -0.00440  -0.00440  0.001481  0.001481  0.027256  0.027256
 10.000  1.405   0.046  -0.00371  -0.00371  0.001508  0.001508  0.028268  0.028268
 10.000  1.445   0.045  -0.00295  -0.00295  0.001537  0.001537  0.029329  0.029329
 10.000  1.485   0.044  -0.00234  -0.00234  0.001547  0.001547  0.029723  0.029723
 10.000  1.525   0.044  -0.00175  -0.00175  0.001555  0.001555  0.030026  0.030026
 10.000  1.565   0.043  -0.00115  -0.00115  0.001561  0.001561  0.030291  0.030291
 10.000  1.605   0.042  -0.00095  -0.00095  0.001552  0.001552  0.030012  0.030012
 10.000  1.645   0.041  -0.00117  -0.00117  0.001550  0.001550  0.029825  0.029825
 10.000  1.686   0.041  -0.00133  -0.00133  0.001475  0.001475  0.028232  0.028232
 10.000  1.722   0.040  -0.00133  -0.00133  0.001273  0.001273  0.024256  0.024256
 10.000  1.753   0.040  -0.00123  -0.00123  0.001052  0.001052  0.019972  0.019972
 10.000  1.778   0.039  -0.00111  -0.00111  0.000874  0.000874  0.016531  0.016531
 10.000  1.799   0.039  -0.00104  -0.00104  0.000765  0.000765  0.014435  0.014435
 10.000  1.819   0.039  -0.00107  -0.00107  0.000740  0.000740  0.013927  0.013927
 10.000  1.839   0.038  -0.00113  -0.00113  0.000741  0.000741  0.013899  0.013899
 10.000  1.859   0.038  -0.00118  -0.00118  0.000737  0.000737  0.013790  0.013790
 10.000  1.879   0.038  -0.00124  -0.00124  0.000734  0.000734  0.013702  0.013702
 10.000  1.899   0.037  -0.00129  -0.00129  0.000731  0.000731  0.013603  0.013603
 10.000  1.919   0.037  -0.00124  -0.00124  0.000731  0.000731  0.013492  0.013492
 10.000  1.939   0.037  -0.00117  -0.00117  0.000732  0.000732  0.013403  0.013403
 10.000  1.959   0.036  -0.00109  -0.00109  0.000733  0.000733  0.013303  0.013303
 10.000  1.979   0.036  -0.00101  -0.00101  0.000733  0.000733  0.013202  0.013202
 10.000  1.999   0.035  -0.00091  -0.00091  0.000734  0.000734  0.013088  0.013088
 10.000  2.019   0.035  -0.00089  -0.00089  0.000731  0.000731  0.012980  0.012980
 10.000  2.039   0.035  -0.00091  -0.00091  0.000752  0.000752  0.013325  0.013325
 10.000  2.060   0.035  -0.00103  -0.00103  0.000855  0.000855  0.015088  0.015088
 10.000  2.085   0.035  -0.00123  -0.00123  0.001023  0.001023  0.017983  0.017983
 10.000  2.116   0.034  -0.00147  -0.00147  0.001229  0.001229  0.021506  0.021506
 10.000  2.153   0.034  -0.00174  -0.00174  0.001409  0.001409  0.024578  0.024578
 10.000  2.193   0.034  -0.00186  -0.00186  0.001462  0.001462  0.025434  0.025434
 10.000  2.233   0.033  -0.00188  -0.00188  0.001447  0.001447  0.025084  0.025084
 10.000  2.273   0.033  -0.00185  -0.00185  0.001438  0.001438  0.024889  0.024889
 10.000  2.313   0.033  -0.00181  -0.00181  0.001430  0.001430  0.024691  0.024691
 10.000  2.353   0.032  -0.00172  -0.00172  0.001425  0.001425  0.024495  0.024495
 10.000  2.393   0.032  -0.00150  -0.00150  0.001426  0.001426  0.024294  0.024294
 10.000  2.433   0.032  -0.00126  -0.00126  0.001426  0.001426  0.024091  0.024091
 10.000  2.473   0.031  -0.00107  -0.00107  0.001422  0.001422  0.023884  0.023884
 10.000  2.513   0.031  -0.00088  -0.00088  0.001419  0.001419  0.023678  0.023678
 10.000  2.553   0.031  -0.00070  -0.00070  0.001414  0.001414  0.023468  0.023468
 10.000  2.593   0.030  -0.00066  -0.00066  0.001400  0.001400  0.023256  0.023256
 10.000  2.633   0.030  -0.00062  -0.00062  0.001386  0.001386  0.023043  0.023043
 10.000  2.673   0.029  -0.00059  -0.00059  0.001371  0.001371  0.022827  0.022827
 10.000  2.713   0.029  -0.00076  -0.00076  0.001347  0.001347  0.022616  0.022616
 10.000  2.753   0.029  -0.00091  -0.00091  0.001322  0.001322  0.022398  0.022398
 10.000  2.793   0.028  -0.03671  -0.03671  0.020176  0.020176  0.349840  0.349840
 10.000  4.000   0.018   0.29045   0.29045  0.042198  0.042198  0.600903  0.600903
 10.000  6.000   0.011   1.03603   1.03603  0.041626  0.041626  0.482481  0.482481
 10.000  8.000   0.005   6.52209   6.52209  0.067365  0.067365  0.487820  0.487820
 10.000 15.000   0.001  12.10654  12.10654  0.018432  0.018432  0.070096  0.070096
 12.500  0.000   0.070  -0.00152  -0.00152  0.000296  0.000296  0.004860  0.004860
 12.500  0.010   0.070  -0.00504  -0.00504  0.000982  0.000982  0.016098  0.016098
 12.500  0.032   0.070  -0.00762  -0.00762  0.001491  0.001491  0.024421  0.024421
 12.500  0.057   0.069  -0.00892  -0.00892  0.001751  0.001751  0.028624  0.028624
 12.500  0.088   0.069  -0.01057  -0.01057  0.002084  0.002084  0.034011  0.034011
 12.500  0.125   0.068  -0.01208  -0.01208  0.002394  0.002394  0.038983  0.038983
 12.500  0.165   0.067  -0.01249  -0.01249  0.002491  0.002491  0.040456  0.040456
 12.500  0.205   0.067  -0.01232  -0.01232  0.002471  0.002471  0.040018  0.040018
 12.500  0.245   0.066  -0.01221  -0.01221  0.002465  0.002465  0.039806  0.039806
 12.500  0.285   0.065  -0.01212  -0.01212  0.002460  0.002460  0.039634  0.039634
 12.500  0.325   0.064  -0.01200  -0.01200  0.002453  0.002453  0.039401  0.039401
 12.500  0.365   0.064  -0.01190  -0.01190  0.002447  0.002447  0.039208  0.039208
 12.500  0.405   0.063  -0.01179  -0.01179  0.002441  0.002441  0.038990  0.038990
 12.500  0.445   0.062  -0.01167  -0.01167  0.002433  0.002433  0.038767  0.038767
 12.500  0.485   0.062  -0.01156  -0.01156  0.002426  0.002426  0.038546  0.038546
 12.500  0.525   0.061  -0.01138  -0.01138  0.002412  0.002412  0.038063  0.038063
 12.500  0.565   0.060  -0.01116  -0.01116  0.002394  0.002394  0.037441  0.037441
 12.500  0.605   0.059  -0.01095  -0.01095  0.002376  0.002376  0.036826  0.036826
 12.500  0.645   0.059  -0.01049  -0.01049  0.002320  0.002320  0.034772  0.034772
 12.500  0.685   0.058  -0.00997  -0.00997  0.002260  0.002260  0.032602  0.032602
 12.500  0.725   0.057  -0.00959  -0.00959  0.002217  0.002217  0.031096  0.031096
 12.500  0.765   0.057  -0.00930  -0.00930  0.002166  0.002166  0.029291  0.029291
 12.500  0.805   0.056  -0.00874  -0.00874  0.002114  0.002114  0.027478  0.027478
 12.500  0.845   0.055  -0.00785  -0.00785  0.002115  0.002115  0.027602  0.027602
 12.500  0.885   0.055  -0.00727  -0.00727  0.002119  0.002119  0.028373  0.028373
 12.500  0.925   0.054  -0.00780  -0.00780  0.002057  0.002057  0.028149  0.028149
 12.500  0.965   0.053  -0.00817  -0.00817  0.001991  0.001991  0.027990  0.027990
 12.500  1.005   0.052  -0.00835  -0.00835  0.001892  0.001892  0.027382  0.027382
 12.500  1.045   0.052  -0.01032  -0.01032  0.001670  0.001670  0.024557  0.024557
 12.500  1.085   0.051  -0.01221  -0.01221  0.001437  0.001437  0.021200  0.021200
 12.500  1.125   0.050  -0.01435  -0.01435  0.001235  0.001235  0.018287  0.018287
 12.500  1.165   0.050  -0.01678  -0.01678  0.001079  0.001079  0.015944  0.015944
 12.500  1.205   0.049  -0.01732  -0.01732  0.001029  0.001029  0.015154  0.015154
 12.500  1.245   0.048  -0.01563  -0.01563  0.001097  0.001097  0.016088  0.016088
 12.500  1.285   0.048  -0.01436  -0.01436  0.001189  0.001189  0.017370  0.017370
 12.500  1.325   0.047  -0.01366  -0.01366  0.001329  0.001329  0.019334  0.019334
 12.500  1.365   0.046  -0.01096  -0.01096  0.001570  0.001570  0.022703  0.022703
 12.500  1.405   0.046  -0.00938  -0.00938  0.001730  0.001730  0.024266  0.024266
 12.500  1.445   0.045  -0.00735  -0.00735  0.001883  0.001883  0.025532  0.025532
 12.500  1.485   0.044  -0.00559  -0.00559  0.001975  0.001975  0.025462  0.025462
 12.500  1.525   0.044  -0.00767  -0.00767  0.001835  0.001835  0.020321  0.020321
 12.500  1.565   0.043  -0.01015  -0.01015  0.001678  0.001678  0.015112  0.015112
 12.500  1.605   0.042  -0.01061  -0.01061  0.001669  0.001669  0.015010  0.015010
 12.500  1.645   0.041  -0.01003  -0.01003  0.001714  0.001714  0.016526  0.016526
 12.500  1.686   0.041  -0.00897  -0.00897  0.001672  0.001672  0.017029  0.017029
 12.500  1.722   0.040  -0.00650  -0.00650  0.001542  0.001542  0.017947  0.017947
 12.500  1.753   0.040  -0.00450  -0.00450  0.001341  0.001341  0.017011  0.017011
 12.500  1.778   0.039  -0.00305  -0.00305  0.001164  0.001164  0.015748  0.015748
 12.500  1.799   0.039  -0.00235  -0.00235  0.001040  0.001040  0.014432  0.014432
 12.500  1.819   0.039  -0.00221  -0.00221  0.001006  0.001006  0.013925  0.013925
 12.500  1.839   0.038  -0.00214  -0.00214  0.001007  0.001007  0.013897  0.013897
 12.500  1.859   0.038  -0.00205  -0.00205  0.001003  0.001003  0.013789  0.013789
 12.500  1.879   0.038  -0.00198  -0.00198  0.000999  0.000999  0.013702  0.013702
 12.500  1.899   0.037  -0.00190  -0.00190  0.000995  0.000995  0.013603  0.013603
 12.500  1.919   0.037  -0.00179  -0.00179  0.000991  0.000991  0.013492  0.013492
 12.500  1.939   0.037  -0.00169  -0.00169  0.000987  0.000987  0.013403  0.013403
 12.500  1.959   0.036  -0.00158  -0.00158  0.000983  0.000983  0.013303  0.013303
 12.500  1.979   0.036  -0.00147  -0.00147  0.000978  0.000978  0.013202  0.013202
 12.500  1.999   0.035  -0.00134  -0.00134  0.000974  0.000974  0.013088  0.013088
 12.500  2.019   0.035  -0.00128  -0.00128  0.000967  0.000967  0.012980  0.012980
 12.500  2.039   0.035  -0.00125  -0.00125  0.000994  0.000994  0.013325  0.013325
 12.500  2.060   0.035  -0.00133  -0.00133  0.001127  0.001127  0.015088  0.015088
 12.500  2.085   0.035  -0.00136  -0.00136  0.001346  0.001346  0.017983  0.017983
 12.500  2.116   0.034  -0.00122  -0.00122  0.001614  0.001614  0.021506  0.021506
 12.500  2.153   0.034  -0.00084  -0.00084  0.001849  0.001849  0.024578  0.024578
 12.500  2.193   0.034  -0.00022  -0.00022  0.001920  0.001920  0.025434  0.025434
 12.500  2.233   0.033   0.00039   0.00039  0.001899  0.001899  0.025084  0.025084
 12.500  2.273   0.033   0.00090   0.00090  0.001890  0.001890  0.024889  0.024889
 12.500  2.313   0.033   0.00139   0.00139  0.001881  0.001881  0.024691  0.024691
 12.500  2.353   0.032   0.00188   0.00188  0.001872  0.001872  0.024495  0.024495
 12.500  2.393   0.032   0.00215   0.00215  0.001863  0.001863  0.024294  0.024294
 12.500  2.433   0.032   0.00186   0.00186  0.001853  0.001853  0.024091  0.024091
 12.500  2.473   0.031   0.00148   0.00148  0.001843  0.001843  0.023884  0.023884
 12.500  2.513   0.031   0.00111   0.00111  0.001832  0.001832  0.023678  0.023678
 12.500  2.553   0.031   0.00076   0.00076  0.001821  0.001821  0.023468  0.023468
 12.500  2.593   0.030   0.00045   0.00045  0.001810  0.001810  0.023256  0.023256
 12.500  2.633   0.030   0.00016   0.00016  0.001799  0.001799  0.023043  0.023043
 12.500  2.673   0.029  -0.00011  -0.00011  0.001788  0.001788  0.022827  0.022827
 12.500  2.713   0.029  -0.00024  -0.00024  0.001778  0.001778  0.022616  0.022616
 12.500  2.753   0.029  -0.00006  -0.00006  0.001767  0.001767  0.022398  0.022398
 12.500  2.793   0.028  -0.01071  -0.01071  0.027137  0.027137  0.349840  0.349840
 12.500  4.000   0.018   0.41213   0.41213  0.052570  0.052570  0.612897  0.612897
 12.500  6.000   0.011   1.01866   1.01866  0.044372  0.044372  0.459567  0.459567
 12.500  8.000   0.005   5.69324   5.69324  0.062240  0.062240  0.374562  0.374562
 12.500 15.000   0.001  12.61161  12.61161  0.019312  0.019312  0.066483  0.066483
 15.000  0.000   0.070  -0.00091  -0.00091  0.000214  0.000214  0.004860  0.004860
 15.000  0.010   0.070  -0.00300  -0.00300  0.000708  0.000708  0.016098  0.016098
 15.000  0.032   0.070  -0.00454  -0.00454  0.001076  0.001076  0.024421  0.024421
 15.000  0.057   0.069  -0.00530  -0.00530  0.001264  0.001264  0.028624  0.028624
 15.000  0.088   0.069  -0.00627  -0.00627  0.001505  0.001505  0.034011  0.034011
 15.000  0.125   0.068  -0.00715  -0.00715  0.001729  0.001729  0.038983  0.038983
 15.000  0.165   0.067  -0.00738  -0.00738  0.001799  0.001799  0.040456  0.040456
 15.000  0.205   0.067  -0.00726  -0.00726  0.001784  0.001784  0.040018  0.040018
 15.000  0.245   0.066  -0.00718  -0.00718  0.001780  0.001780  0.039806  0.039806
 15.000  0.285   0.065  -0.00711  -0.00711  0.001776  0.001776  0.039634  0.039634
 15.000  0.325   0.064  -0.00702  -0.00702  0.001772  0.001772  0.039401  0.039401
 15.000  0.365   0.064  -0.00695  -0.00695  0.001769  0.001769  0.039208  0.039208
 15.000  0.405   0.063  -0.00685  -0.00685  0.001768  0.001768  0.038990  0.038990
 15.000  0.445   0.062  -0.00674  -0.00674  0.001772  0.001772  0.038767  0.038767
 15.000  0.485   0.062  -0.00662  -0.00662  0.001777  0.001777  0.038546  0.038546
 15.000  0.525   0.061  -0.00650  -0.00650  0.001778  0.001778  0.038302  0.038302
 15.000  0.565   0.060  -0.00638  -0.00638  0.001781  0.001781  0.038062  0.038062
 15.000  0.605   0.059  -0.00626  -0.00626  0.001782  0.001782  0.037817  0.037817
 15.000  0.645   0.059  -0.00621  -0.00621  0.001766  0.001766  0.037566  0.037566
 15.000  0.685   0.058  -0.00615  -0.00615  0.001750  0.001750  0.037318  0.037318
 15.000  0.725   0.057  -0.00607  -0.00607  0.001737  0.001737  0.037027  0.037027
 15.000  0.765   0.057  -0.00599  -0.00599  0.001726  0.001726  0.036781  0.036781
 15.000  0.805   0.056  -0.00589  -0.00589  0.001714  0.001714  0.036489  0.036489
 15.000  0.845   0.055  -0.00580  -0.00580  0.001706  0.001706  0.036240  0.036240
 15.000  0.885   0.055  -0.00568  -0.00568  0.001696  0.001696  0.035950  0.035950
 15.000  0.925   0.054  -0.00557  -0.00557  0.001687  0.001687  0.035671  0.035671
 15.000  0.965   0.053  -0.00542  -0.00542  0.001684  0.001684  0.035379  0.035379
 15.000  1.005   0.052  -0.00526  -0.00526  0.001681  0.001681  0.035075  0.035075
 15.000  1.045   0.052  -0.00511  -0.00511  0.001678  0.001678  0.034780  0.034780
 15.000  1.085   0.051  -0.00490  -0.00490  0.001681  0.001681  0.034466  0.034466
 15.000  1.125   0.050  -0.00469  -0.00469  0.001684  0.001684  0.034154  0.034154
 15.000  1.165   0.050  -0.00441  -0.00441  0.001700  0.001700  0.033845  0.033845
 15.000  1.205   0.049  -0.00390  -0.00390  0.001749  0.001749  0.033515  0.033515
 15.000  1.245   0.048  -0.00340  -0.00340  0.001794  0.001794  0.033194  0.033194
 15.000  1.285   0.048  -0.00247  -0.00247  0.001902  0.001902  0.032852  0.032852
 15.000  1.325   0.047  -0.00119  -0.00119  0.002054  0.002054  0.032500  0.032500
 15.000  1.365   0.046  -0.00019  -0.00019  0.002162  0.002162  0.032180  0.032180
 15.000  1.405   0.046   0.00015   0.00015  0.002164  0.002164  0.031833  0.031833
 15.000  1.445   0.045   0.00074   0.00074  0.002167  0.002167  0.031481  0.031481
 15.000  1.485   0.044   0.00164   0.00164  0.002159  0.002159  0.031126  0.031126
 15.000  1.525   0.044   0.00253   0.00253  0.002145  0.002145  0.030766  0.030766
 15.000  1.565   0.043   0.00344   0.00344  0.002130  0.002130  0.030395  0.030395
 15.000  1.605   0.042   0.00454   0.00454  0.002114  0.002114  0.030012  0.030012
 15.000  1.645   0.041   0.00594   0.00594  0.002112  0.002112  0.029825  0.029825
 15.000  1.686   0.041   0.00704   0.00704  0.002010  0.002010  0.028232  0.028232
 15.000  1.722   0.040   0.00718   0.00718  0.001736  0.001736  0.024256  0.024256
 15.000  1.753   0.040   0.00665   0.00665  0.001435  0.001435  0.019972  0.019972
 15.000  1.778   0.039   0.00582   0.00582  0.001192  0.001192  0.016531  0.016531
 15.000  1.799   0.039   0.00528   0.00528  0.001045  0.001045  0.014435  0.014435
 15.000  1.819   0.039   0.00525   0.00525  0.001010  0.001010  0.013927  0.013927
 15.000  1.839   0.038   0.00542   0.00542  0.001011  0.001011  0.013899  0.013899
 15.000  1.859   0.038   0.00557   0.00557  0.001007  0.001007  0.013790  0.013790
 15.000  1.879   0.038   0.00571   0.00571  0.001003  0.001003  0.013702  0.013702
 15.000  1.899   0.037   0.00585   0.00585  0.000999  0.000999  0.013603  0.013603
 15.000  1.919   0.037   0.00599   0.00599  0.000994  0.000994  0.013492  0.013492
 15.000  1.939   0.037   0.00608   0.00608  0.000991  0.000991  0.013403  0.013403
 15.000  1.959   0.036   0.00618   0.00618  0.000986  0.000986  0.013303  0.013303
 15.000  1.979   0.036   0.00628   0.00628  0.000982  0.000982  0.013202  0.013202
 15.000  1.999   0.035   0.00640   0.00640  0.000977  0.000977  0.013088  0.013088
 15.000  2.019   0.035   0.00642   0.00642  0.000971  0.000971  0.012980  0.012980
 15.000  2.039   0.035   0.00667   0.00667  0.000998  0.000998  0.013325  0.013325
 15.000  2.060   0.035   0.00764   0.00764  0.001132  0.001132  0.015088  0.015088
 15.000  2.085   0.035   0.00922   0.00922  0.001352  0.001352  0.017983  0.017983
 15.000  2.116   0.034   0.01118   0.01118  0.001620  0.001620  0.021506  0.021506
 15.000  2.153   0.034   0.01299   0.01299  0.001856  0.001856  0.024578  0.024578
 15.000  2.193   0.034   0.01370   0.01370  0.001927  0.001927  0.025434  0.025434
 15.000  2.233   0.033   0.01373   0.01373  0.001907  0.001907  0.025084  0.025084
 15.000  2.273   0.033   0.01377   0.01377  0.001898  0.001898  0.024889  0.024889
 15.000  2.313   0.033   0.01380   0.01380  0.001889  0.001889  0.024691  0.024691
 15.000  2.353   0.032   0.01382   0.01382  0.001880  0.001880  0.024495  0.024495
 15.000  2.393   0.032   0.01381   0.01381  0.001870  0.001870  0.024294  0.024294
 15.000  2.433   0.032   0.01371   0.01371  0.001860  0.001860  0.024091  0.024091
 15.000  2.473   0.031   0.01363   0.01363  0.001841  0.001841  0.023610  0.023610
 15.000  2.513   0.031   0.01357   0.01357  0.001816  0.001816  0.022959  0.022959
 15.000  2.553   0.031   0.01364   0.01364  0.001792  0.001792  0.022337  0.022337
 15.000  2.593   0.030   0.01390   0.01390  0.001722  0.001722  0.020326  0.020326
 15.000  2.633   0.030   0.01420   0.01420  0.001649  0.001649  0.018196  0.018196
 15.000  2.673   0.029   0.01439   0.01439  0.001594  0.001594  0.016650  0.016650
 15.000  2.713   0.029   0.01406   0.01406  0.001516  0.001516  0.014394  0.014394
 15.000  2.753   0.029   0.01377   0.01377  0.001438  0.001438  0.012174  0.012174
 15.000  2.793   0.028   0.20166   0.20166  0.022067  0.022067  0.187415  0.187415
 15.000  4.000   0.018   1.01959   1.01959  0.050134  0.050134  0.431962  0.431962
 15.000  6.000   0.011   2.01345   2.01345  0.048776  0.048776  0.352248  0.352248
 15.000  8.000   0.005   8.14982   8.14982  0.067819  0.067819  0.390960  0.390960
 15.000 15.000   0.001  14.48421  14.48421  0.020048  0.020048  0.081110  0.081110
 17.500  0.000   0.070   0.00000   0.00000  0.000000  0.000000  0.000000  0.000000
 17.500  0.010   0.070   0.00000   0.00000  0.000000  0.000000  0.000000  0.000000
 17.500  0.032   0.070   0.00000   0.00000  0.000000  0.000000  0.000000  0.000000
 17.500  0.057   0.069   0.00000   0.00000  0.000000  0.000000  0.000000  0.000000
 17.500  0.088   0.069   0.00000   0.00000  0.000000  0.000000  0.000000  0.000000
 17.500  0.125   0.068  -0.00001  -0.00001  0.000000  0.000000  0.000000  0.000000
 17.500  0.165   0.067  -0.00001  -0.00001  0.000000  0.000000  0.000000  0.000000
 17.500  0.205   0.067  -0.00001  -0.00001  0.000000  0.000000  0.000000  0.000000
 17.500  0.245   0.066  -0.00002  -0.00002  0.000000  0.000000  0.000000  0.000000
 17.500  0.285   0.065  -0.00002  -0.00002  0.000000  0.000000  0.000000  0.000000
 17.500  0.325   0.064  -0.00002  -0.00002  0.000000  0.000000  0.000000  0.000000
 17.500  0.365   0.064  -0.00002  -0.00002  0.000000  0.000000  0.000000  0.000000
 17.500  0.405   0.063  -0.00002  -0.00002  0.000000  0.000000  0.000000  0.000000
 17.500  0.445   0.062  -0.00002  -0.00002  0.000000  0.000000  0.000000  0.000000
 17.500  0.485   0.062  -0.00002  -0.00002  0.000000  0.000000  0.000000  0.000000
 17.500  0.525   0.061  -0.00002  -0.00002  0.000000  0.000000  0.000000  0.000000
 17.500  0.565   0.060  -0.00002  -0.00002  0.000000  0.000000  0.000000  0.000000
 17.500  0.605   0.059  -0.00002  -0.00002  0.000000  0.000000  0.000000  0.000000
 17.500  0.645   0.059  -0.00003  -0.00003  0.000000  0.000000  0.000000  0.000000
 17.500  0.685   0.058  -0.00003  -0.00003  0.000000  0.000000  0.000000  0.000000
 17.500  0.725   0.057  -0.00005  -0.00005  0.000000  0.000000  0.000000  0.000000
 17.500  0.765   0.057  -0.00012  -0.00012  0.000000  0.000000  0.000000  0.000000
 17.500  0.805   0.056  -0.00019  -0.00019  0.000000  0.000000  0.000000  0.000000
 17.500  0.845   0.055  -0.00029  -0.00029  0.000000  0.000000  0.000000  0.000000
 17.500  0.885   0.055  -0.00046  -0.00046  0.000000  0.000000  0.000000  0.000000
 17.500  0.925   0.054  -0.00062  -0.00062  0.000000  0.000000  0.000000  0.000000
 17.500  0.965   0.053  -0.00058  -0.00058  0.000000  0.000000  0.000000  0.000000
 17.500  1.005   0.052  -0.00053  -0.00053  0.000000  0.000000  0.000000  0.000000
 17.500  1.045   0.052  -0.00048  -0.00048  0.000000  0.000000  0.000000  0.000000
 17.500  1.085   0.051  -0.00038  -0.00038  0.000000  0.000000  0.000000  0.000000
 17.500  1.125   0.050  -0.00028  -0.00028  0.000000  0.000000  0.000000  0.000000
 17.500  1.165   0.050  -0.00022  -0.00022  0.000000  0.000000  0.000000  0.000000
 17.500  1.205   0.049  -0.00013  -0.00013  0.000000  0.000000  0.000000  0.000000
 17.500  1.245   0.048  -0.00004  -0.00004  0.000000  0.000000  0.000000  0.000000
 17.500  1.285   0.048  -0.00002  -0.00002  0.000000  0.000000  0.000000  0.000000
 17.500  1.325   0.047  -0.00002  -0.00002  0.000000  0.000000  0.000000  0.000000
 17.500  1.365   0.046  -0.00001  -0.00001  0.000000  0.000000  0.000000  0.000000
 17.500  1.405   0.046  -0.00002  -0.00002  0.000000  0.000000  0.000000  0.000000
 17.500  1.445   0.045  -0.00003  -0.00003  0.000000  0.000000  0.000000  0.000000
 17.500  1.485   0.044  -0.00005  -0.00005  0.000000  0.000000  0.000000  0.000000
 17.500  1.525   0.044  -0.00013  -0.00013  0.000000  0.000000  0.000000  0.000000
 17.500  1.565   0.043  -0.00020  -0.00020  0.000000  0.000000  0.000000  0.000000
 17.500  1.605   0.042  -0.00037  -0.00037  0.000001  0.000001  0.000000  0.000000
 17.500  1.645   0.041  -0.00065  -0.00065  0.000003  0.000003  0.000000  0.000000
 17.500  1.686   0.041  -0.00085  -0.00085  0.000005  0.000005  0.000001  0.000001
 17.500  1.722   0.040  -0.00075  -0.00075  0.000007  0.000007  0.000014  0.000014
 17.500  1.753   0.040  -0.00064  -0.00064  0.000007  0.000007  0.000025  0.000025
 17.500  1.778   0.039  -0.00057  -0.00057  0.000007  0.000007  0.000034  0.000034
 17.500  1.799   0.039  -0.00053  -0.00053  0.000006  0.000006  0.000041  0.000041
 17.500  1.819   0.039  -0.00050  -0.00050  0.000007  0.000007  0.000072  0.000072
 17.500  1.839   0.038  -0.00049  -0.00049  0.000008  0.000008  0.000108  0.000108
 17.500  1.859   0.038  -0.00047  -0.00047  0.000010  0.000010  0.000152  0.000152
 17.500  1.879   0.038  -0.00044  -0.00044  0.000012  0.000012  0.000206  0.000206
 17.500  1.899   0.037  -0.00039  -0.00039  0.000014  0.000014  0.000276  0.000276
 17.500  1.919   0.037  -0.00030  -0.00030  0.000018  0.000018  0.000379  0.000379
 17.500  1.939   0.037  -0.00016  -0.00016  0.000022  0.000022  0.000516  0.000516
 17.500  1.959   0.036  -0.00003  -0.00003  0.000027  0.000027  0.000653  0.000653
 17.500  1.979   0.036   0.00008   0.00008  0.000030  0.000030  0.000766  0.000766
 17.500  1.999   0.035   0.00015   0.00015  0.000032  0.000032  0.000842  0.000842
 17.500  2.019   0.035   0.00011   0.00011  0.000029  0.000029  0.000798  0.000798
 17.500  2.039   0.035   0.00002   0.00002  0.000026  0.000026  0.000721  0.000721
 17.500  2.060   0.035  -0.00006  -0.00006  0.000026  0.000026  0.000716  0.000716
 17.500  2.085   0.035  -0.00013  -0.00013  0.000027  0.000027  0.000744  0.000744
 17.500  2.116   0.034  -0.00015  -0.00015  0.000028  0.000028  0.000782  0.000782
 17.500  2.153   0.034  -0.00020  -0.00020  0.000027  0.000027  0.000738  0.000738
 17.500  2.193   0.034  -0.00017  -0.00017  0.000026  0.000026  0.000725  0.000725
 17.500  2.233  15.558  -0.00026  -0.00026  0.011035  0.011035  0.337617  0.337617
 17.500  2.273  27.845  -0.00043  -0.00043  0.029923  0.029923  0.911043  0.911043
 17.500  2.313  27.595  -0.00056  -0.00056  0.048760  0.048760  1.467589  1.467589
 17.500  2.353  18.144  -0.00058  -0.00058  0.048273  0.048273  1.347336  1.347336
 17.500  2.393  16.471  -0.00069  -0.00069  0.063340  0.063340  1.569531  1.569531
 17.500  2.433  30.877  -0.00131  -0.00131  0.249001  0.249001  5.973682  5.973682
 17.500  2.473  11.364   0.00050   0.00050  0.210175  0.210175  4.991509  4.991509
 17.500  2.513   0.031   0.01682   0.01682  0.001251  0.001251  0.016885  0.016885
 17.500  2.553   0.031   0.01740   0.01740  0.001238  0.001238  0.016850  0.016850
 17.500  2.593   0.030   0.01746   0.01746  0.001208  0.001208  0.016475  0.016475
 17.500  2.633   0.030   0.01718   0.01718  0.001175  0.001175  0.016084  0.016084
 17.500  2.673   0.029   0.01744   0.01744  0.001157  0.001157  0.015817  0.015817
 17.500  2.713   0.029   0.01797   0.01797  0.001152  0.001152  0.015658  0.015658
 17.500  2.753   0.029   0.01842   0.01842  0.001147  0.001147  0.015494  0.015494
 17.500  2.793   0.028   0.28125   0.28125  0.018526  0.018526  0.254886  0.254886
 17.500  4.000   0.018   1.04906   1.04906  0.038472  0.038472  0.430934  0.430934
 17.500  6.000   0.011   2.07897   2.07897  0.043098  0.043098  0.354399  0.354399
 17.500  8.000   0.005   9.67355   9.67355  0.076081  0.076081  0.467267  0.467267
 17.500 15.000   0.001  15.87249  15.87249  0.021376  0.021376  0.089367  0.089367
FDsfcalb ADsfcalb:  1.373958E+03  1.373958E+03
Approximate total CPU time used (sec)   1201.63
  30.71   1.000 0.252 0.985  Actual MAX_TOTAL_MB, ADAPT_GRID_FACTOR, NUM_SH_TERM_FACTOR, CELL_TO_POINT_RATIO
1201.53user 0.15system 20:01.64elapsed 100%CPU (0avgtext+0avgdata 206064maxresident)k
0inputs+4432outputs (0major+13101minor)pagefaults 0swaps
